# Creation import unresolved ingredient report
# Generated at 2026-02-01T07:51:06.358Z

## Unresolved ingredient names (could not map to OsrsboxItem):
- _id=6928121cb293fc9f9a45d5f6 | name="Fish food" | ingredient="Empty fish food box"
- _id=69281223b293fc9f9a45d8e4 | name="Uncooked stew" | ingredient="Incomplete stew#Potato"
- _id=69281223b293fc9f9a45d8e4 | name="Uncooked stew" | ingredient="Incomplete stew#Potato"
- _id=69281223b293fc9f9a45d8e4 | name="Uncooked stew" | ingredient="Incomplete stew#Meat"
- _id=6934c82ab293fc9f9a471b66 | name="Fish food" | ingredient="Empty fish food box"
- _id=6934c839b293fc9f9a471ef9 | name="Uncooked stew" | ingredient="Incomplete stew#Potato"
- _id=6934c839b293fc9f9a471ef9 | name="Uncooked stew" | ingredient="Incomplete stew#Potato"
- _id=6934c839b293fc9f9a471ef9 | name="Uncooked stew" | ingredient="Incomplete stew#Meat"
- _id=693591fcb293fc9f9a4735b6 | name="Atlatl dart shaft" | ingredient="Ent branch"
- _id=697ed8bffceb562c3aa7f2b6 | name="Uncooked stew" | ingredient="Incomplete stew#Potato"
- _id=697ed8bffceb562c3aa7f2b6 | name="Uncooked stew" | ingredient="Incomplete stew#Potato"
- _id=697ed8bffceb562c3aa7f2b6 | name="Uncooked stew" | ingredient="Incomplete stew#Meat"
- _id=697ed8c1fceb562c3aa7f3eb | name="Fish food" | ingredient="Empty fish food box"
- _id=697ed8d1fceb562c3aa7fd17 | name="Guam in a box" | ingredient="Empty fish food box"
- _id=697ed8d1fceb562c3aa7fd19 | name="Seaweed in a box" | ingredient="Empty fish food box"
- _id=697ed8d4fceb562c3aa7ff5c | name="Burnt crab meat" | ingredient="Raw red crab meat"
- _id=697ed8d4fceb562c3aa7ff5c | name="Burnt crab meat" | ingredient="Raw blue crab meat"
- _id=697ed8d5fceb562c3aa7ff64 | name="Raw fishcake" | ingredient="Ground giant crab meat"
- _id=697ed8d8fceb562c3aa801da | name="Mounted bass" | ingredient="Oak display"
- _id=697ed8d8fceb562c3aa801da | name="Mounted bass" | ingredient="Teak display (fishing trophy)"
- _id=697ed8d8fceb562c3aa801da | name="Mounted bass" | ingredient="Mahogany display (fishing trophy)"
- _id=697ed8d8fceb562c3aa801e3 | name="Mounted swordfish" | ingredient="Teak display (fishing trophy)"
- _id=697ed8d8fceb562c3aa801e3 | name="Mounted swordfish" | ingredient="Mahogany display (fishing trophy)"
- _id=697ed8d8fceb562c3aa801e4 | name="Mounted shark" | ingredient="Mahogany display (fishing trophy)"
- _id=697ed8d8fceb562c3aa801e5 | name="Rune case 3" | ingredient="Rune case"
- _id=697ed8d8fceb562c3aa801ed | name="Rune case 1" | ingredient="Rune case"
- _id=697ed8d8fceb562c3aa801ee | name="Rune case 2" | ingredient="Rune case"
- _id=697ed8d8fceb562c3aa80251 | name="Bench with vice" | ingredient="Steel framed workbench"
- _id=697ed8e4fceb562c3aa8093d | name="Black mask (2) (i)" | ingredient="Nightmare Zone points"
- _id=697ed8e4fceb562c3aa8093d | name="Black mask (2) (i)" | ingredient="Zeal Tokens"
- _id=697ed8e4fceb562c3aa8093e | name="Black mask (1) (i)" | ingredient="Nightmare Zone points"
- _id=697ed8e4fceb562c3aa8093e | name="Black mask (1) (i)" | ingredient="Zeal Tokens"
- _id=697ed8e4fceb562c3aa8093f | name="Black mask (10) (i)" | ingredient="Nightmare Zone points"
- _id=697ed8e4fceb562c3aa8093f | name="Black mask (10) (i)" | ingredient="Zeal Tokens"
- _id=697ed8e4fceb562c3aa80940 | name="Black mask (9) (i)" | ingredient="Nightmare Zone points"
- _id=697ed8e4fceb562c3aa80940 | name="Black mask (9) (i)" | ingredient="Zeal Tokens"
- _id=697ed8e4fceb562c3aa80941 | name="Black mask (8) (i)" | ingredient="Nightmare Zone points"
- _id=697ed8e4fceb562c3aa80941 | name="Black mask (8) (i)" | ingredient="Zeal Tokens"
- _id=697ed8e4fceb562c3aa80942 | name="Black mask (7) (i)" | ingredient="Nightmare Zone points"
- _id=697ed8e4fceb562c3aa80942 | name="Black mask (7) (i)" | ingredient="Zeal Tokens"
- _id=697ed8e4fceb562c3aa80943 | name="Black mask (6) (i)" | ingredient="Nightmare Zone points"
- _id=697ed8e4fceb562c3aa80943 | name="Black mask (6) (i)" | ingredient="Zeal Tokens"
- _id=697ed8e4fceb562c3aa80944 | name="Black mask (5) (i)" | ingredient="Nightmare Zone points"
- _id=697ed8e4fceb562c3aa80944 | name="Black mask (5) (i)" | ingredient="Zeal Tokens"
- _id=697ed8e4fceb562c3aa80945 | name="Black mask (4) (i)" | ingredient="Nightmare Zone points"
- _id=697ed8e4fceb562c3aa80945 | name="Black mask (4) (i)" | ingredient="Zeal Tokens"
- _id=697ed8e4fceb562c3aa80946 | name="Black mask (3) (i)" | ingredient="Nightmare Zone points"
- _id=697ed8e4fceb562c3aa80946 | name="Black mask (3) (i)" | ingredient="Zeal Tokens"
- _id=697ed8ebfceb562c3aa80db4 | name="Servery uncooked stew" | ingredient="Servery incomplete stew#Potato"
- _id=697ed8ebfceb562c3aa80db4 | name="Servery uncooked stew" | ingredient="Servery incomplete stew#Meat"
- _id=697ed8fbfceb562c3aa8143b | name="Raw fishcake" | ingredient="Ground giant crab meat"
- _id=697ed901fceb562c3aa81812 | name="Guam in a box" | ingredient="Empty fish food box"
- _id=697ed901fceb562c3aa81815 | name="Seaweed in a box" | ingredient="Empty fish food box"
- _id=697ed90dfceb562c3aa81d80 | name="Granite cannonball" | ingredient="Steel cannonball"
- _id=697ed90dfceb562c3aa81d81 | name="Granite cannonball" | ingredient="Steel cannonball"
- _id=697ed90ffceb562c3aa81e65 | name="Dragon key" | ingredient="Karamja key piece"
- _id=697ed90ffceb562c3aa81e65 | name="Dragon key" | ingredient="Kourend key piece"
- _id=697ed90ffceb562c3aa81e65 | name="Dragon key" | ingredient="Morytania key piece"
- _id=697ed90ffceb562c3aa81e65 | name="Dragon key" | ingredient="Ungael key piece"
- _id=697ed910fceb562c3aa81f3d | name="Ivandis flail" | ingredient="Rod of ivandis"
- _id=697ed910fceb562c3aa81f3e | name="Ivandis flail" | ingredient="Rod of ivandis"
- _id=697ed912fceb562c3aa81fe8 | name="Star-face" | ingredient="Festive tree branch"
- _id=697ed912fceb562c3aa81fe8 | name="Star-face" | ingredient="Church decoration"
- _id=697ed912fceb562c3aa81fe8 | name="Star-face" | ingredient="Waste gems"
- _id=697ed912fceb562c3aa81fe9 | name="Tree top" | ingredient="Festive tree branch"
- _id=697ed912fceb562c3aa81fe9 | name="Tree top" | ingredient="Church decoration"
- _id=697ed912fceb562c3aa81fe9 | name="Tree top" | ingredient="Waste gems"
- _id=697ed912fceb562c3aa81ff1 | name="Star-face" | ingredient="Festive tree branch"
- _id=697ed912fceb562c3aa81ff1 | name="Star-face" | ingredient="Church decoration"
- _id=697ed912fceb562c3aa81ff1 | name="Star-face" | ingredient="Waste gems"
- _id=697ed912fceb562c3aa81ff2 | name="Tree top" | ingredient="Festive tree branch"
- _id=697ed912fceb562c3aa81ff2 | name="Tree top" | ingredient="Church decoration"
- _id=697ed912fceb562c3aa81ff2 | name="Tree top" | ingredient="Waste gems"
- _id=697ed912fceb562c3aa81ff3 | name="Tree skirt" | ingredient="Festive tree branch"
- _id=697ed912fceb562c3aa81ff3 | name="Tree skirt" | ingredient="Church decoration"
- _id=697ed912fceb562c3aa81ff3 | name="Tree skirt" | ingredient="Waste gems"
- _id=697ed912fceb562c3aa81ff6 | name="Tree skirt" | ingredient="Festive tree branch"
- _id=697ed912fceb562c3aa81ff6 | name="Tree skirt" | ingredient="Church decoration"
- _id=697ed912fceb562c3aa81ff6 | name="Tree skirt" | ingredient="Waste gems"
- _id=697ed91afceb562c3aa82523 | name="Blisterwood flail" | ingredient="Rod of ivandis"
- _id=697ed91afceb562c3aa82524 | name="Blisterwood flail" | ingredient="Rod of ivandis"
- _id=697ed91efceb562c3aa827c1 | name="Mounted harpoonfish" | ingredient="Teak display (fishing trophy)"
- _id=697ed91efceb562c3aa827c1 | name="Mounted harpoonfish" | ingredient="Mahogany display (fishing trophy)"
- _id=697ed92ffceb562c3aa8331a | name="Blessed bone shards" | ingredient="Alan's blessed bones"
- _id=697ed92ffceb562c3aa8331a | name="Blessed bone shards" | ingredient="Blessed strykewyrm bones"
- _id=697ed92ffceb562c3aa8331a | name="Blessed bone shards" | ingredient="Blessed frost dragon bones"
- _id=697ed92ffceb562c3aa8333c | name="Blessed bone shards" | ingredient="Alan's blessed bones"
- _id=697ed92ffceb562c3aa8333c | name="Blessed bone shards" | ingredient="Blessed strykewyrm bones"
- _id=697ed92ffceb562c3aa8333c | name="Blessed bone shards" | ingredient="Blessed frost dragon bones"
