# Creation tree cycle removal log
# Generated at 2026-02-01T08:23:00.448Z
# Dry run: false

Cycle 1:
Path: Mystic fire staff (69281220b293fc9f9a45d804) -> Mystic air staff (69281220b293fc9f9a45d806) -> Mystic fire staff (69281220b293fc9f9a45d804)
Closing edge: Mystic air staff (69281220b293fc9f9a45d806) -> Mystic fire staff (69281220b293fc9f9a45d804)

Cycle 2:
Path: Mystic air staff (69281220b293fc9f9a45d806) -> Mystic earth staff (69281220b293fc9f9a45d807) -> Mystic air staff (69281220b293fc9f9a45d806)
Closing edge: Mystic earth staff (69281220b293fc9f9a45d807) -> Mystic air staff (69281220b293fc9f9a45d806)

Cycle 3:
Path: Mystic fire staff (69281220b293fc9f9a45d804) -> Mystic air staff (69281220b293fc9f9a45d806) -> Mystic earth staff (69281220b293fc9f9a45d807) -> Mystic fire staff (69281220b293fc9f9a45d804)
Closing edge: Mystic earth staff (69281220b293fc9f9a45d807) -> Mystic fire staff (69281220b293fc9f9a45d804)

Cycle 4:
Path: Mystic air staff (69281220b293fc9f9a45d806) -> Mystic earth staff (69281220b293fc9f9a45d807) -> Mystic water staff (69281220b293fc9f9a45d805) -> Mystic air staff (69281220b293fc9f9a45d806)
Closing edge: Mystic water staff (69281220b293fc9f9a45d805) -> Mystic air staff (69281220b293fc9f9a45d806)

Cycle 5:
Path: Mystic earth staff (69281220b293fc9f9a45d807) -> Mystic water staff (69281220b293fc9f9a45d805) -> Mystic earth staff (69281220b293fc9f9a45d807)
Closing edge: Mystic water staff (69281220b293fc9f9a45d805) -> Mystic earth staff (69281220b293fc9f9a45d807)

Cycle 6:
Path: Mystic fire staff (69281220b293fc9f9a45d804) -> Mystic air staff (69281220b293fc9f9a45d806) -> Mystic earth staff (69281220b293fc9f9a45d807) -> Mystic water staff (69281220b293fc9f9a45d805) -> Mystic fire staff (69281220b293fc9f9a45d804)
Closing edge: Mystic water staff (69281220b293fc9f9a45d805) -> Mystic fire staff (69281220b293fc9f9a45d804)

Cycle 7:
Path: Soft clay (69281222b293fc9f9a45d886) -> Bowl of water (69281222b293fc9f9a45d8c0) -> Bowl (69281222b293fc9f9a45d8c1) -> Unfired bowl (69281222b293fc9f9a45d895) -> Soft clay (69281222b293fc9f9a45d886)
Closing edge: Unfired bowl (69281222b293fc9f9a45d895) -> Soft clay (69281222b293fc9f9a45d886)

Cycle 8:
Path: Slashed book (6934f946b293fc9f9a472aae) -> Battered key (693578fcb293fc9f9a4733f1) -> Slashed book (6934f946b293fc9f9a472aae)
Closing edge: Battered key (693578fcb293fc9f9a4733f1) -> Slashed book (6934f946b293fc9f9a472aae)

Cycle 9:
Path: Karamjan rum (693507bbb293fc9f9a472bcf) -> Karamjan rum (693507bbb293fc9f9a472bcf)
Closing edge: Karamjan rum (693507bbb293fc9f9a472bcf) -> Karamjan rum (693507bbb293fc9f9a472bcf)

Cycle 10:
Path: Coconut milk (69281231b293fc9f9a45de67) -> Coconut shell (69281231b293fc9f9a45de7b) -> Coconut milk (69281231b293fc9f9a45de67)
Closing edge: Coconut shell (69281231b293fc9f9a45de7b) -> Coconut milk (69281231b293fc9f9a45de67)

Cycle 11:
Path: Bird house (69281261b293fc9f9a45f5fb) -> Bird house (69281261b293fc9f9a45f5fb)
Closing edge: Bird house (69281261b293fc9f9a45f5fb) -> Bird house (69281261b293fc9f9a45f5fb)

Cycle 12:
Path: Asgarnian ale (6934c7fbb293fc9f9a4711f5) -> Asgarnian ale (6934c7fbb293fc9f9a4711f5)
Closing edge: Asgarnian ale (6934c7fbb293fc9f9a4711f5) -> Asgarnian ale (6934c7fbb293fc9f9a4711f5)

Cycle 13:
Path: Greenman's ale (6934c7fbb293fc9f9a4711f6) -> Greenman's ale (6934c7fbb293fc9f9a4711f6)
Closing edge: Greenman's ale (6934c7fbb293fc9f9a4711f6) -> Greenman's ale (6934c7fbb293fc9f9a4711f6)

Cycle 14:
Path: Dragon bitter (6934c7fbb293fc9f9a4711f7) -> Dragon bitter (6934c7fbb293fc9f9a4711f7)
Closing edge: Dragon bitter (6934c7fbb293fc9f9a4711f7) -> Dragon bitter (6934c7fbb293fc9f9a4711f7)

Cycle 15:
Path: Chef's delight (6934c7fbb293fc9f9a4711f8) -> Chef's delight (6934c7fbb293fc9f9a4711f8)
Closing edge: Chef's delight (6934c7fbb293fc9f9a4711f8) -> Chef's delight (6934c7fbb293fc9f9a4711f8)

Cycle 16:
Path: Dragon bitter (6934c81eb293fc9f9a4716fa) -> Dragon bitter (6934c81eb293fc9f9a4716fa)
Closing edge: Dragon bitter (6934c81eb293fc9f9a4716fa) -> Dragon bitter (6934c81eb293fc9f9a4716fa)

Cycle 17:
Path: Chef's delight (6934c81eb293fc9f9a4716fb) -> Chef's delight (6934c81eb293fc9f9a4716fb)
Closing edge: Chef's delight (6934c81eb293fc9f9a4716fb) -> Chef's delight (6934c81eb293fc9f9a4716fb)

Cycle 18:
Path: Asgarnian ale (6934c81eb293fc9f9a471702) -> Asgarnian ale (6934c81eb293fc9f9a471702)
Closing edge: Asgarnian ale (6934c81eb293fc9f9a471702) -> Asgarnian ale (6934c81eb293fc9f9a471702)

Cycle 19:
Path: Greenman's ale (6934c81eb293fc9f9a471703) -> Greenman's ale (6934c81eb293fc9f9a471703)
Closing edge: Greenman's ale (6934c81eb293fc9f9a471703) -> Greenman's ale (6934c81eb293fc9f9a471703)

Cycle 20:
Path: Bird house (6934c846b293fc9f9a472155) -> Bird house (6934c846b293fc9f9a472155)
Closing edge: Bird house (6934c846b293fc9f9a472155) -> Bird house (6934c846b293fc9f9a472155)

Cycle 21:
Path: Anima-infused bark (693578cdb293fc9f9a4733ec) -> Golden pheasant egg (69359151b293fc9f9a4735a7) -> Anima-infused bark (693578cdb293fc9f9a4733ec)
Closing edge: Golden pheasant egg (69359151b293fc9f9a4735a7) -> Anima-infused bark (693578cdb293fc9f9a4733ec)

Cycle 22:
Path: Anima-infused bark (693578cdb293fc9f9a4733ec) -> Fox whistle (6935915fb293fc9f9a4735a8) -> Anima-infused bark (693578cdb293fc9f9a4733ec)
Closing edge: Fox whistle (6935915fb293fc9f9a4735a8) -> Anima-infused bark (693578cdb293fc9f9a4733ec)

Cycle 23:
Path: Karamjan rum (697ed8c3fceb562c3aa7f593) -> Karamjan rum (697ed8c3fceb562c3aa7f593)
Closing edge: Karamjan rum (697ed8c3fceb562c3aa7f593) -> Karamjan rum (697ed8c3fceb562c3aa7f593)

Cycle 24:
Path: Nettle tea (697ed8c7fceb562c3aa7f808) -> Nettle tea (697ed8c7fceb562c3aa7f808)
Closing edge: Nettle tea (697ed8c7fceb562c3aa7f808) -> Nettle tea (697ed8c7fceb562c3aa7f808)

Cycle 25:
Path: Plant cure (697ed8d0fceb562c3aa7fc7a) -> Plant cure (697ed8d0fceb562c3aa7fc7a)
Closing edge: Plant cure (697ed8d0fceb562c3aa7fc7a) -> Plant cure (697ed8d0fceb562c3aa7fc7a)

Cycle 26:
Path: Large pouch (697ed8d2fceb562c3aa7fd85) -> Large pouch (697ed8d2fceb562c3aa7fd85)
Closing edge: Large pouch (697ed8d2fceb562c3aa7fd85) -> Large pouch (697ed8d2fceb562c3aa7fd85)

Cycle 27:
Path: Asgarnian ale (697ed8d9fceb562c3aa802aa) -> Asgarnian ale (697ed8d9fceb562c3aa802aa)
Closing edge: Asgarnian ale (697ed8d9fceb562c3aa802aa) -> Asgarnian ale (697ed8d9fceb562c3aa802aa)

Cycle 28:
Path: Greenman's ale (697ed8d9fceb562c3aa802ac) -> Greenman's ale (697ed8d9fceb562c3aa802ac)
Closing edge: Greenman's ale (697ed8d9fceb562c3aa802ac) -> Greenman's ale (697ed8d9fceb562c3aa802ac)

Cycle 29:
Path: Dragon bitter (697ed8d9fceb562c3aa802ad) -> Dragon bitter (697ed8d9fceb562c3aa802ad)
Closing edge: Dragon bitter (697ed8d9fceb562c3aa802ad) -> Dragon bitter (697ed8d9fceb562c3aa802ad)

Cycle 30:
Path: Chef's delight (697ed8d9fceb562c3aa802ae) -> Chef's delight (697ed8d9fceb562c3aa802ae)
Closing edge: Chef's delight (697ed8d9fceb562c3aa802ae) -> Chef's delight (697ed8d9fceb562c3aa802ae)

Cycle 31:
Path: Rune kiteshield (697ed8d9fceb562c3aa8030b) -> Rune kiteshield (697ed8d9fceb562c3aa8030b)
Closing edge: Rune kiteshield (697ed8d9fceb562c3aa8030b) -> Rune kiteshield (697ed8d9fceb562c3aa8030b)

Cycle 32:
Path: Rune kiteshield (697ed8d9fceb562c3aa8030c) -> Rune kiteshield (697ed8d9fceb562c3aa8030c)
Closing edge: Rune kiteshield (697ed8d9fceb562c3aa8030c) -> Rune kiteshield (697ed8d9fceb562c3aa8030c)

Cycle 33:
Path: Rune kiteshield (697ed8d9fceb562c3aa8030d) -> Rune kiteshield (697ed8d9fceb562c3aa8030d)
Closing edge: Rune kiteshield (697ed8d9fceb562c3aa8030d) -> Rune kiteshield (697ed8d9fceb562c3aa8030d)

Cycle 34:
Path: Rune kiteshield (697ed8d9fceb562c3aa8030e) -> Rune kiteshield (697ed8d9fceb562c3aa8030e)
Closing edge: Rune kiteshield (697ed8d9fceb562c3aa8030e) -> Rune kiteshield (697ed8d9fceb562c3aa8030e)

Cycle 35:
Path: Rune kiteshield (697ed8d9fceb562c3aa8030f) -> Rune kiteshield (697ed8d9fceb562c3aa8030f)
Closing edge: Rune kiteshield (697ed8d9fceb562c3aa8030f) -> Rune kiteshield (697ed8d9fceb562c3aa8030f)

Cycle 36:
Path: Rune kiteshield (697ed8d9fceb562c3aa80310) -> Rune kiteshield (697ed8d9fceb562c3aa80310)
Closing edge: Rune kiteshield (697ed8d9fceb562c3aa80310) -> Rune kiteshield (697ed8d9fceb562c3aa80310)

Cycle 37:
Path: Rune kiteshield (697ed8d9fceb562c3aa80311) -> Rune kiteshield (697ed8d9fceb562c3aa80311)
Closing edge: Rune kiteshield (697ed8d9fceb562c3aa80311) -> Rune kiteshield (697ed8d9fceb562c3aa80311)

Cycle 38:
Path: Rune kiteshield (697ed8d9fceb562c3aa80312) -> Rune kiteshield (697ed8d9fceb562c3aa80312)
Closing edge: Rune kiteshield (697ed8d9fceb562c3aa80312) -> Rune kiteshield (697ed8d9fceb562c3aa80312)

Cycle 39:
Path: Rune kiteshield (697ed8d9fceb562c3aa80313) -> Rune kiteshield (697ed8d9fceb562c3aa80313)
Closing edge: Rune kiteshield (697ed8d9fceb562c3aa80313) -> Rune kiteshield (697ed8d9fceb562c3aa80313)

Cycle 40:
Path: Rune kiteshield (697ed8d9fceb562c3aa80314) -> Rune kiteshield (697ed8d9fceb562c3aa80314)
Closing edge: Rune kiteshield (697ed8d9fceb562c3aa80314) -> Rune kiteshield (697ed8d9fceb562c3aa80314)

Cycle 41:
Path: Rune kiteshield (697ed8d9fceb562c3aa80315) -> Rune kiteshield (697ed8d9fceb562c3aa80315)
Closing edge: Rune kiteshield (697ed8d9fceb562c3aa80315) -> Rune kiteshield (697ed8d9fceb562c3aa80315)

Cycle 42:
Path: Rune kiteshield (697ed8dafceb562c3aa80316) -> Rune kiteshield (697ed8dafceb562c3aa80316)
Closing edge: Rune kiteshield (697ed8dafceb562c3aa80316) -> Rune kiteshield (697ed8dafceb562c3aa80316)

Cycle 43:
Path: Steel kiteshield (697ed8dafceb562c3aa80317) -> Steel kiteshield (697ed8dafceb562c3aa80317)
Closing edge: Steel kiteshield (697ed8dafceb562c3aa80317) -> Steel kiteshield (697ed8dafceb562c3aa80317)

Cycle 44:
Path: Rune kiteshield (697ed8dafceb562c3aa80318) -> Rune kiteshield (697ed8dafceb562c3aa80318)
Closing edge: Rune kiteshield (697ed8dafceb562c3aa80318) -> Rune kiteshield (697ed8dafceb562c3aa80318)

Cycle 45:
Path: Rune kiteshield (697ed8dafceb562c3aa80319) -> Rune kiteshield (697ed8dafceb562c3aa80319)
Closing edge: Rune kiteshield (697ed8dafceb562c3aa80319) -> Rune kiteshield (697ed8dafceb562c3aa80319)

Cycle 46:
Path: Rune kiteshield (697ed8dafceb562c3aa8031a) -> Rune kiteshield (697ed8dafceb562c3aa8031a)
Closing edge: Rune kiteshield (697ed8dafceb562c3aa8031a) -> Rune kiteshield (697ed8dafceb562c3aa8031a)

Cycle 47:
Path: Rune kiteshield (697ed8dafceb562c3aa8031b) -> Rune kiteshield (697ed8dafceb562c3aa8031b)
Closing edge: Rune kiteshield (697ed8dafceb562c3aa8031b) -> Rune kiteshield (697ed8dafceb562c3aa8031b)

Cycle 48:
Path: Steel kiteshield (697ed8dafceb562c3aa8031c) -> Steel kiteshield (697ed8dafceb562c3aa8031c)
Closing edge: Steel kiteshield (697ed8dafceb562c3aa8031c) -> Steel kiteshield (697ed8dafceb562c3aa8031c)

Cycle 49:
Path: Steel kiteshield (697ed8dafceb562c3aa8031d) -> Steel kiteshield (697ed8dafceb562c3aa8031d)
Closing edge: Steel kiteshield (697ed8dafceb562c3aa8031d) -> Steel kiteshield (697ed8dafceb562c3aa8031d)

Cycle 50:
Path: Steel kiteshield (697ed8dafceb562c3aa8031e) -> Steel kiteshield (697ed8dafceb562c3aa8031e)
Closing edge: Steel kiteshield (697ed8dafceb562c3aa8031e) -> Steel kiteshield (697ed8dafceb562c3aa8031e)

Cycle 51:
Path: Steel kiteshield (697ed8dafceb562c3aa8031f) -> Steel kiteshield (697ed8dafceb562c3aa8031f)
Closing edge: Steel kiteshield (697ed8dafceb562c3aa8031f) -> Steel kiteshield (697ed8dafceb562c3aa8031f)

Cycle 52:
Path: Steel kiteshield (697ed8dafceb562c3aa80320) -> Steel kiteshield (697ed8dafceb562c3aa80320)
Closing edge: Steel kiteshield (697ed8dafceb562c3aa80320) -> Steel kiteshield (697ed8dafceb562c3aa80320)

Cycle 53:
Path: Steel kiteshield (697ed8dafceb562c3aa80321) -> Steel kiteshield (697ed8dafceb562c3aa80321)
Closing edge: Steel kiteshield (697ed8dafceb562c3aa80321) -> Steel kiteshield (697ed8dafceb562c3aa80321)

Cycle 54:
Path: Steel kiteshield (697ed8dafceb562c3aa80322) -> Steel kiteshield (697ed8dafceb562c3aa80322)
Closing edge: Steel kiteshield (697ed8dafceb562c3aa80322) -> Steel kiteshield (697ed8dafceb562c3aa80322)

Cycle 55:
Path: Steel kiteshield (697ed8dafceb562c3aa80323) -> Steel kiteshield (697ed8dafceb562c3aa80323)
Closing edge: Steel kiteshield (697ed8dafceb562c3aa80323) -> Steel kiteshield (697ed8dafceb562c3aa80323)

Cycle 56:
Path: Steel kiteshield (697ed8dafceb562c3aa80324) -> Steel kiteshield (697ed8dafceb562c3aa80324)
Closing edge: Steel kiteshield (697ed8dafceb562c3aa80324) -> Steel kiteshield (697ed8dafceb562c3aa80324)

Cycle 57:
Path: Steel kiteshield (697ed8dafceb562c3aa80325) -> Steel kiteshield (697ed8dafceb562c3aa80325)
Closing edge: Steel kiteshield (697ed8dafceb562c3aa80325) -> Steel kiteshield (697ed8dafceb562c3aa80325)

Cycle 58:
Path: Steel kiteshield (697ed8dafceb562c3aa80326) -> Steel kiteshield (697ed8dafceb562c3aa80326)
Closing edge: Steel kiteshield (697ed8dafceb562c3aa80326) -> Steel kiteshield (697ed8dafceb562c3aa80326)

Cycle 59:
Path: Steel kiteshield (697ed8dafceb562c3aa80327) -> Steel kiteshield (697ed8dafceb562c3aa80327)
Closing edge: Steel kiteshield (697ed8dafceb562c3aa80327) -> Steel kiteshield (697ed8dafceb562c3aa80327)

Cycle 60:
Path: Steel kiteshield (697ed8dafceb562c3aa80328) -> Steel kiteshield (697ed8dafceb562c3aa80328)
Closing edge: Steel kiteshield (697ed8dafceb562c3aa80328) -> Steel kiteshield (697ed8dafceb562c3aa80328)

Cycle 61:
Path: Steel kiteshield (697ed8dafceb562c3aa8032a) -> Steel kiteshield (697ed8dafceb562c3aa8032a)
Closing edge: Steel kiteshield (697ed8dafceb562c3aa8032a) -> Steel kiteshield (697ed8dafceb562c3aa8032a)

Cycle 62:
Path: Steel kiteshield (697ed8dafceb562c3aa8032b) -> Steel kiteshield (697ed8dafceb562c3aa8032b)
Closing edge: Steel kiteshield (697ed8dafceb562c3aa8032b) -> Steel kiteshield (697ed8dafceb562c3aa8032b)

Cycle 63:
Path: Steam battlestaff (697ed8e9fceb562c3aa80bfa) -> Steam battlestaff (697ed8e9fceb562c3aa80bfa)
Closing edge: Steam battlestaff (697ed8e9fceb562c3aa80bfa) -> Steam battlestaff (697ed8e9fceb562c3aa80bfa)

Cycle 64:
Path: Dragon pickaxe (697ed8e9fceb562c3aa80bfc) -> Dragon pickaxe (697ed8e9fceb562c3aa80bfc)
Closing edge: Dragon pickaxe (697ed8e9fceb562c3aa80bfc) -> Dragon pickaxe (697ed8e9fceb562c3aa80bfc)

Cycle 65:
Path: Malediction ward (697ed8e9fceb562c3aa80c02) -> Malediction ward (697ed8e9fceb562c3aa80c02)
Closing edge: Malediction ward (697ed8e9fceb562c3aa80c02) -> Malediction ward (697ed8e9fceb562c3aa80c02)

Cycle 66:
Path: Odium ward (697ed8e9fceb562c3aa80c03) -> Odium ward (697ed8e9fceb562c3aa80c03)
Closing edge: Odium ward (697ed8e9fceb562c3aa80c03) -> Odium ward (697ed8e9fceb562c3aa80c03)

Cycle 67:
Path: Saradomin max cape (697ed8ebfceb562c3aa80d5e) -> Saradomin max hood (697ed8ebfceb562c3aa80d67) -> Saradomin max cape (697ed8ebfceb562c3aa80d5e)
Closing edge: Saradomin max hood (697ed8ebfceb562c3aa80d67) -> Saradomin max cape (697ed8ebfceb562c3aa80d5e)

Cycle 68:
Path: Zamorak max cape (697ed8ebfceb562c3aa80d68) -> Zamorak max hood (697ed8ebfceb562c3aa80d6b) -> Zamorak max cape (697ed8ebfceb562c3aa80d68)
Closing edge: Zamorak max hood (697ed8ebfceb562c3aa80d6b) -> Zamorak max cape (697ed8ebfceb562c3aa80d68)

Cycle 69:
Path: Guthix max cape (697ed8ebfceb562c3aa80d6c) -> Guthix max hood (697ed8ebfceb562c3aa80d6d) -> Guthix max cape (697ed8ebfceb562c3aa80d6c)
Closing edge: Guthix max hood (697ed8ebfceb562c3aa80d6d) -> Guthix max cape (697ed8ebfceb562c3aa80d6c)

Cycle 70:
Path: Accumulator max cape (697ed8ebfceb562c3aa80d6e) -> Accumulator max hood (697ed8ebfceb562c3aa80d6f) -> Accumulator max cape (697ed8ebfceb562c3aa80d6e)
Closing edge: Accumulator max hood (697ed8ebfceb562c3aa80d6f) -> Accumulator max cape (697ed8ebfceb562c3aa80d6e)

Cycle 71:
Path: Steam battlestaff (697ed8f0fceb562c3aa80f4e) -> Steam battlestaff (697ed8f0fceb562c3aa80f4e)
Closing edge: Steam battlestaff (697ed8f0fceb562c3aa80f4e) -> Steam battlestaff (697ed8f0fceb562c3aa80f4e)

Cycle 72:
Path: Dragon pickaxe (697ed8f0fceb562c3aa80f53) -> Dragon pickaxe (697ed8f0fceb562c3aa80f53)
Closing edge: Dragon pickaxe (697ed8f0fceb562c3aa80f53) -> Dragon pickaxe (697ed8f0fceb562c3aa80f53)

Cycle 73:
Path: Steel kiteshield (697ed8f0fceb562c3aa80f56) -> Steel kiteshield (697ed8f0fceb562c3aa80f56)
Closing edge: Steel kiteshield (697ed8f0fceb562c3aa80f56) -> Steel kiteshield (697ed8f0fceb562c3aa80f56)

Cycle 74:
Path: Steel kiteshield (697ed8f0fceb562c3aa80f57) -> Steel kiteshield (697ed8f0fceb562c3aa80f57)
Closing edge: Steel kiteshield (697ed8f0fceb562c3aa80f57) -> Steel kiteshield (697ed8f0fceb562c3aa80f57)

Cycle 75:
Path: Steel kiteshield (697ed8f0fceb562c3aa80f5e) -> Steel kiteshield (697ed8f0fceb562c3aa80f5e)
Closing edge: Steel kiteshield (697ed8f0fceb562c3aa80f5e) -> Steel kiteshield (697ed8f0fceb562c3aa80f5e)

Cycle 76:
Path: Steel kiteshield (697ed8f0fceb562c3aa80f5f) -> Steel kiteshield (697ed8f0fceb562c3aa80f5f)
Closing edge: Steel kiteshield (697ed8f0fceb562c3aa80f5f) -> Steel kiteshield (697ed8f0fceb562c3aa80f5f)

Cycle 77:
Path: Steel kiteshield (697ed8f1fceb562c3aa80f60) -> Steel kiteshield (697ed8f1fceb562c3aa80f60)
Closing edge: Steel kiteshield (697ed8f1fceb562c3aa80f60) -> Steel kiteshield (697ed8f1fceb562c3aa80f60)

Cycle 78:
Path: Steel kiteshield (697ed8f1fceb562c3aa80f61) -> Steel kiteshield (697ed8f1fceb562c3aa80f61)
Closing edge: Steel kiteshield (697ed8f1fceb562c3aa80f61) -> Steel kiteshield (697ed8f1fceb562c3aa80f61)

Cycle 79:
Path: Steel kiteshield (697ed8f1fceb562c3aa80f62) -> Steel kiteshield (697ed8f1fceb562c3aa80f62)
Closing edge: Steel kiteshield (697ed8f1fceb562c3aa80f62) -> Steel kiteshield (697ed8f1fceb562c3aa80f62)

Cycle 80:
Path: Steel kiteshield (697ed8f1fceb562c3aa80f63) -> Steel kiteshield (697ed8f1fceb562c3aa80f63)
Closing edge: Steel kiteshield (697ed8f1fceb562c3aa80f63) -> Steel kiteshield (697ed8f1fceb562c3aa80f63)

Cycle 81:
Path: Steel kiteshield (697ed8f1fceb562c3aa80f64) -> Steel kiteshield (697ed8f1fceb562c3aa80f64)
Closing edge: Steel kiteshield (697ed8f1fceb562c3aa80f64) -> Steel kiteshield (697ed8f1fceb562c3aa80f64)

Cycle 82:
Path: Steel kiteshield (697ed8f1fceb562c3aa80f65) -> Steel kiteshield (697ed8f1fceb562c3aa80f65)
Closing edge: Steel kiteshield (697ed8f1fceb562c3aa80f65) -> Steel kiteshield (697ed8f1fceb562c3aa80f65)

Cycle 83:
Path: Steel kiteshield (697ed8f1fceb562c3aa80f66) -> Steel kiteshield (697ed8f1fceb562c3aa80f66)
Closing edge: Steel kiteshield (697ed8f1fceb562c3aa80f66) -> Steel kiteshield (697ed8f1fceb562c3aa80f66)

Cycle 84:
Path: Steel kiteshield (697ed8f1fceb562c3aa80f67) -> Steel kiteshield (697ed8f1fceb562c3aa80f67)
Closing edge: Steel kiteshield (697ed8f1fceb562c3aa80f67) -> Steel kiteshield (697ed8f1fceb562c3aa80f67)

Cycle 85:
Path: Steel kiteshield (697ed8f1fceb562c3aa80f68) -> Steel kiteshield (697ed8f1fceb562c3aa80f68)
Closing edge: Steel kiteshield (697ed8f1fceb562c3aa80f68) -> Steel kiteshield (697ed8f1fceb562c3aa80f68)

Cycle 86:
Path: Steel kiteshield (697ed8f1fceb562c3aa80f69) -> Steel kiteshield (697ed8f1fceb562c3aa80f69)
Closing edge: Steel kiteshield (697ed8f1fceb562c3aa80f69) -> Steel kiteshield (697ed8f1fceb562c3aa80f69)

Cycle 87:
Path: Steel kiteshield (697ed8f1fceb562c3aa80f6a) -> Steel kiteshield (697ed8f1fceb562c3aa80f6a)
Closing edge: Steel kiteshield (697ed8f1fceb562c3aa80f6a) -> Steel kiteshield (697ed8f1fceb562c3aa80f6a)

Cycle 88:
Path: Steel kiteshield (697ed8f1fceb562c3aa80f6b) -> Steel kiteshield (697ed8f1fceb562c3aa80f6b)
Closing edge: Steel kiteshield (697ed8f1fceb562c3aa80f6b) -> Steel kiteshield (697ed8f1fceb562c3aa80f6b)

Cycle 89:
Path: Rune kiteshield (697ed8f1fceb562c3aa80f86) -> Rune kiteshield (697ed8f1fceb562c3aa80f86)
Closing edge: Rune kiteshield (697ed8f1fceb562c3aa80f86) -> Rune kiteshield (697ed8f1fceb562c3aa80f86)

Cycle 90:
Path: Rune kiteshield (697ed8f1fceb562c3aa80f87) -> Rune kiteshield (697ed8f1fceb562c3aa80f87)
Closing edge: Rune kiteshield (697ed8f1fceb562c3aa80f87) -> Rune kiteshield (697ed8f1fceb562c3aa80f87)

Cycle 91:
Path: Rune kiteshield (697ed8f1fceb562c3aa80f8e) -> Rune kiteshield (697ed8f1fceb562c3aa80f8e)
Closing edge: Rune kiteshield (697ed8f1fceb562c3aa80f8e) -> Rune kiteshield (697ed8f1fceb562c3aa80f8e)

Cycle 92:
Path: Rune kiteshield (697ed8f1fceb562c3aa80f8f) -> Rune kiteshield (697ed8f1fceb562c3aa80f8f)
Closing edge: Rune kiteshield (697ed8f1fceb562c3aa80f8f) -> Rune kiteshield (697ed8f1fceb562c3aa80f8f)

Cycle 93:
Path: Rune kiteshield (697ed8f1fceb562c3aa80f90) -> Rune kiteshield (697ed8f1fceb562c3aa80f90)
Closing edge: Rune kiteshield (697ed8f1fceb562c3aa80f90) -> Rune kiteshield (697ed8f1fceb562c3aa80f90)

Cycle 94:
Path: Rune kiteshield (697ed8f1fceb562c3aa80f91) -> Rune kiteshield (697ed8f1fceb562c3aa80f91)
Closing edge: Rune kiteshield (697ed8f1fceb562c3aa80f91) -> Rune kiteshield (697ed8f1fceb562c3aa80f91)

Cycle 95:
Path: Rune kiteshield (697ed8f1fceb562c3aa80f92) -> Rune kiteshield (697ed8f1fceb562c3aa80f92)
Closing edge: Rune kiteshield (697ed8f1fceb562c3aa80f92) -> Rune kiteshield (697ed8f1fceb562c3aa80f92)

Cycle 96:
Path: Rune kiteshield (697ed8f1fceb562c3aa80f93) -> Rune kiteshield (697ed8f1fceb562c3aa80f93)
Closing edge: Rune kiteshield (697ed8f1fceb562c3aa80f93) -> Rune kiteshield (697ed8f1fceb562c3aa80f93)

Cycle 97:
Path: Rune kiteshield (697ed8f1fceb562c3aa80f94) -> Rune kiteshield (697ed8f1fceb562c3aa80f94)
Closing edge: Rune kiteshield (697ed8f1fceb562c3aa80f94) -> Rune kiteshield (697ed8f1fceb562c3aa80f94)

Cycle 98:
Path: Rune kiteshield (697ed8f1fceb562c3aa80f95) -> Rune kiteshield (697ed8f1fceb562c3aa80f95)
Closing edge: Rune kiteshield (697ed8f1fceb562c3aa80f95) -> Rune kiteshield (697ed8f1fceb562c3aa80f95)

Cycle 99:
Path: Rune kiteshield (697ed8f1fceb562c3aa80f96) -> Rune kiteshield (697ed8f1fceb562c3aa80f96)
Closing edge: Rune kiteshield (697ed8f1fceb562c3aa80f96) -> Rune kiteshield (697ed8f1fceb562c3aa80f96)

Cycle 100:
Path: Rune kiteshield (697ed8f1fceb562c3aa80f97) -> Rune kiteshield (697ed8f1fceb562c3aa80f97)
Closing edge: Rune kiteshield (697ed8f1fceb562c3aa80f97) -> Rune kiteshield (697ed8f1fceb562c3aa80f97)

Cycle 101:
Path: Rune kiteshield (697ed8f1fceb562c3aa80f98) -> Rune kiteshield (697ed8f1fceb562c3aa80f98)
Closing edge: Rune kiteshield (697ed8f1fceb562c3aa80f98) -> Rune kiteshield (697ed8f1fceb562c3aa80f98)

Cycle 102:
Path: Rune kiteshield (697ed8f1fceb562c3aa80f99) -> Rune kiteshield (697ed8f1fceb562c3aa80f99)
Closing edge: Rune kiteshield (697ed8f1fceb562c3aa80f99) -> Rune kiteshield (697ed8f1fceb562c3aa80f99)

Cycle 103:
Path: Rune kiteshield (697ed8f1fceb562c3aa80f9a) -> Rune kiteshield (697ed8f1fceb562c3aa80f9a)
Closing edge: Rune kiteshield (697ed8f1fceb562c3aa80f9a) -> Rune kiteshield (697ed8f1fceb562c3aa80f9a)

Cycle 104:
Path: Rune kiteshield (697ed8f1fceb562c3aa80f9b) -> Rune kiteshield (697ed8f1fceb562c3aa80f9b)
Closing edge: Rune kiteshield (697ed8f1fceb562c3aa80f9b) -> Rune kiteshield (697ed8f1fceb562c3aa80f9b)

Cycle 105:
Path: Large pouch (697ed8fafceb562c3aa81384) -> Large pouch (697ed8fafceb562c3aa81384)
Closing edge: Large pouch (697ed8fafceb562c3aa81384) -> Large pouch (697ed8fafceb562c3aa81384)

Cycle 106:
Path: Karamjan rum (697ed8fbfceb562c3aa813cc) -> Karamjan rum (697ed8fbfceb562c3aa813cc)
Closing edge: Karamjan rum (697ed8fbfceb562c3aa813cc) -> Karamjan rum (697ed8fbfceb562c3aa813cc)

Cycle 107:
Path: Karamjan rum (697ed8fbfceb562c3aa813cd) -> Karamjan rum (697ed8fbfceb562c3aa813cd)
Closing edge: Karamjan rum (697ed8fbfceb562c3aa813cd) -> Karamjan rum (697ed8fbfceb562c3aa813cd)

Cycle 108:
Path: Nettle tea (697ed8fdfceb562c3aa81573) -> Nettle tea (697ed8fdfceb562c3aa81573)
Closing edge: Nettle tea (697ed8fdfceb562c3aa81573) -> Nettle tea (697ed8fdfceb562c3aa81573)

Cycle 109:
Path: Malediction ward (697ed8fffceb562c3aa8170b) -> Malediction ward (697ed8fffceb562c3aa8170b)
Closing edge: Malediction ward (697ed8fffceb562c3aa8170b) -> Malediction ward (697ed8fffceb562c3aa8170b)

Cycle 110:
Path: Odium ward (697ed8fffceb562c3aa8170d) -> Odium ward (697ed8fffceb562c3aa8170d)
Closing edge: Odium ward (697ed8fffceb562c3aa8170d) -> Odium ward (697ed8fffceb562c3aa8170d)

Cycle 111:
Path: Ardougne max cape (697ed909fceb562c3aa81b67) -> Ardougne max hood (697ed909fceb562c3aa81b69) -> Ardougne max cape (697ed909fceb562c3aa81b67)
Closing edge: Ardougne max hood (697ed909fceb562c3aa81b69) -> Ardougne max cape (697ed909fceb562c3aa81b67)

Cycle 112:
Path: Lava battlestaff (697ed90bfceb562c3aa81c17) -> Lava battlestaff (697ed90bfceb562c3aa81c17)
Closing edge: Lava battlestaff (697ed90bfceb562c3aa81c17) -> Lava battlestaff (697ed90bfceb562c3aa81c17)

Cycle 113:
Path: Lava battlestaff (697ed90bfceb562c3aa81c18) -> Lava battlestaff (697ed90bfceb562c3aa81c18)
Closing edge: Lava battlestaff (697ed90bfceb562c3aa81c18) -> Lava battlestaff (697ed90bfceb562c3aa81c18)

Cycle 114:
Path: Bird house (697ed90cfceb562c3aa81cd8) -> Bird house (697ed90cfceb562c3aa81cd8)
Closing edge: Bird house (697ed90cfceb562c3aa81cd8) -> Bird house (697ed90cfceb562c3aa81cd8)

Cycle 115:
Path: Adamant kiteshield (697ed90ffceb562c3aa81e78) -> Adamant kiteshield (697ed90ffceb562c3aa81e78)
Closing edge: Adamant kiteshield (697ed90ffceb562c3aa81e78) -> Adamant kiteshield (697ed90ffceb562c3aa81e78)

Cycle 116:
Path: Adamant kiteshield (697ed90ffceb562c3aa81e7c) -> Adamant kiteshield (697ed90ffceb562c3aa81e7c)
Closing edge: Adamant kiteshield (697ed90ffceb562c3aa81e7c) -> Adamant kiteshield (697ed90ffceb562c3aa81e7c)

Cycle 117:
Path: Adamant kiteshield (697ed90ffceb562c3aa81e7d) -> Adamant kiteshield (697ed90ffceb562c3aa81e7d)
Closing edge: Adamant kiteshield (697ed90ffceb562c3aa81e7d) -> Adamant kiteshield (697ed90ffceb562c3aa81e7d)

Cycle 118:
Path: Adamant kiteshield (697ed90ffceb562c3aa81e7e) -> Adamant kiteshield (697ed90ffceb562c3aa81e7e)
Closing edge: Adamant kiteshield (697ed90ffceb562c3aa81e7e) -> Adamant kiteshield (697ed90ffceb562c3aa81e7e)

Cycle 119:
Path: Adamant kiteshield (697ed90ffceb562c3aa81e7f) -> Adamant kiteshield (697ed90ffceb562c3aa81e7f)
Closing edge: Adamant kiteshield (697ed90ffceb562c3aa81e7f) -> Adamant kiteshield (697ed90ffceb562c3aa81e7f)

Cycle 120:
Path: Adamant kiteshield (697ed90ffceb562c3aa81e80) -> Adamant kiteshield (697ed90ffceb562c3aa81e80)
Closing edge: Adamant kiteshield (697ed90ffceb562c3aa81e80) -> Adamant kiteshield (697ed90ffceb562c3aa81e80)

Cycle 121:
Path: Adamant kiteshield (697ed90ffceb562c3aa81e81) -> Adamant kiteshield (697ed90ffceb562c3aa81e81)
Closing edge: Adamant kiteshield (697ed90ffceb562c3aa81e81) -> Adamant kiteshield (697ed90ffceb562c3aa81e81)

Cycle 122:
Path: Adamant kiteshield (697ed90ffceb562c3aa81e82) -> Adamant kiteshield (697ed90ffceb562c3aa81e82)
Closing edge: Adamant kiteshield (697ed90ffceb562c3aa81e82) -> Adamant kiteshield (697ed90ffceb562c3aa81e82)

Cycle 123:
Path: Adamant kiteshield (697ed90ffceb562c3aa81e83) -> Adamant kiteshield (697ed90ffceb562c3aa81e83)
Closing edge: Adamant kiteshield (697ed90ffceb562c3aa81e83) -> Adamant kiteshield (697ed90ffceb562c3aa81e83)

Cycle 124:
Path: Adamant kiteshield (697ed90ffceb562c3aa81e84) -> Adamant kiteshield (697ed90ffceb562c3aa81e84)
Closing edge: Adamant kiteshield (697ed90ffceb562c3aa81e84) -> Adamant kiteshield (697ed90ffceb562c3aa81e84)

Cycle 125:
Path: Adamant kiteshield (697ed90ffceb562c3aa81e85) -> Adamant kiteshield (697ed90ffceb562c3aa81e85)
Closing edge: Adamant kiteshield (697ed90ffceb562c3aa81e85) -> Adamant kiteshield (697ed90ffceb562c3aa81e85)

Cycle 126:
Path: Adamant kiteshield (697ed90ffceb562c3aa81e86) -> Adamant kiteshield (697ed90ffceb562c3aa81e86)
Closing edge: Adamant kiteshield (697ed90ffceb562c3aa81e86) -> Adamant kiteshield (697ed90ffceb562c3aa81e86)

Cycle 127:
Path: Adamant kiteshield (697ed90ffceb562c3aa81e87) -> Adamant kiteshield (697ed90ffceb562c3aa81e87)
Closing edge: Adamant kiteshield (697ed90ffceb562c3aa81e87) -> Adamant kiteshield (697ed90ffceb562c3aa81e87)

Cycle 128:
Path: Adamant kiteshield (697ed90ffceb562c3aa81e88) -> Adamant kiteshield (697ed90ffceb562c3aa81e88)
Closing edge: Adamant kiteshield (697ed90ffceb562c3aa81e88) -> Adamant kiteshield (697ed90ffceb562c3aa81e88)

Cycle 129:
Path: Adamant kiteshield (697ed90ffceb562c3aa81e89) -> Adamant kiteshield (697ed90ffceb562c3aa81e89)
Closing edge: Adamant kiteshield (697ed90ffceb562c3aa81e89) -> Adamant kiteshield (697ed90ffceb562c3aa81e89)

Cycle 130:
Path: Adamant kiteshield (697ed90ffceb562c3aa81e8a) -> Adamant kiteshield (697ed90ffceb562c3aa81e8a)
Closing edge: Adamant kiteshield (697ed90ffceb562c3aa81e8a) -> Adamant kiteshield (697ed90ffceb562c3aa81e8a)

Cycle 131:
Path: Adamant kiteshield (697ed90ffceb562c3aa81e8b) -> Adamant kiteshield (697ed90ffceb562c3aa81e8b)
Closing edge: Adamant kiteshield (697ed90ffceb562c3aa81e8b) -> Adamant kiteshield (697ed90ffceb562c3aa81e8b)

Cycle 132:
Path: Adamant kiteshield (697ed90ffceb562c3aa81e8c) -> Adamant kiteshield (697ed90ffceb562c3aa81e8c)
Closing edge: Adamant kiteshield (697ed90ffceb562c3aa81e8c) -> Adamant kiteshield (697ed90ffceb562c3aa81e8c)

Cycle 133:
Path: Adamant kiteshield (697ed90ffceb562c3aa81e8d) -> Adamant kiteshield (697ed90ffceb562c3aa81e8d)
Closing edge: Adamant kiteshield (697ed90ffceb562c3aa81e8d) -> Adamant kiteshield (697ed90ffceb562c3aa81e8d)

Cycle 134:
Path: Adamant kiteshield (697ed90ffceb562c3aa81e8e) -> Adamant kiteshield (697ed90ffceb562c3aa81e8e)
Closing edge: Adamant kiteshield (697ed90ffceb562c3aa81e8e) -> Adamant kiteshield (697ed90ffceb562c3aa81e8e)

Cycle 135:
Path: Adamant kiteshield (697ed90ffceb562c3aa81e8f) -> Adamant kiteshield (697ed90ffceb562c3aa81e8f)
Closing edge: Adamant kiteshield (697ed90ffceb562c3aa81e8f) -> Adamant kiteshield (697ed90ffceb562c3aa81e8f)

Cycle 136:
Path: Adamant kiteshield (697ed90ffceb562c3aa81e90) -> Adamant kiteshield (697ed90ffceb562c3aa81e90)
Closing edge: Adamant kiteshield (697ed90ffceb562c3aa81e90) -> Adamant kiteshield (697ed90ffceb562c3aa81e90)

Cycle 137:
Path: Adamant kiteshield (697ed90ffceb562c3aa81e91) -> Adamant kiteshield (697ed90ffceb562c3aa81e91)
Closing edge: Adamant kiteshield (697ed90ffceb562c3aa81e91) -> Adamant kiteshield (697ed90ffceb562c3aa81e91)

Cycle 138:
Path: Adamant kiteshield (697ed90ffceb562c3aa81e92) -> Adamant kiteshield (697ed90ffceb562c3aa81e92)
Closing edge: Adamant kiteshield (697ed90ffceb562c3aa81e92) -> Adamant kiteshield (697ed90ffceb562c3aa81e92)

Cycle 139:
Path: Adamant kiteshield (697ed90ffceb562c3aa81e93) -> Adamant kiteshield (697ed90ffceb562c3aa81e93)
Closing edge: Adamant kiteshield (697ed90ffceb562c3aa81e93) -> Adamant kiteshield (697ed90ffceb562c3aa81e93)

Cycle 140:
Path: Adamant kiteshield (697ed90ffceb562c3aa81e94) -> Adamant kiteshield (697ed90ffceb562c3aa81e94)
Closing edge: Adamant kiteshield (697ed90ffceb562c3aa81e94) -> Adamant kiteshield (697ed90ffceb562c3aa81e94)

Cycle 141:
Path: Adamant kiteshield (697ed90ffceb562c3aa81e95) -> Adamant kiteshield (697ed90ffceb562c3aa81e95)
Closing edge: Adamant kiteshield (697ed90ffceb562c3aa81e95) -> Adamant kiteshield (697ed90ffceb562c3aa81e95)

Cycle 142:
Path: Adamant kiteshield (697ed90ffceb562c3aa81e98) -> Adamant kiteshield (697ed90ffceb562c3aa81e98)
Closing edge: Adamant kiteshield (697ed90ffceb562c3aa81e98) -> Adamant kiteshield (697ed90ffceb562c3aa81e98)

Cycle 143:
Path: Adamant kiteshield (697ed90ffceb562c3aa81e99) -> Adamant kiteshield (697ed90ffceb562c3aa81e99)
Closing edge: Adamant kiteshield (697ed90ffceb562c3aa81e99) -> Adamant kiteshield (697ed90ffceb562c3aa81e99)

Cycle 144:
Path: Adamant kiteshield (697ed90ffceb562c3aa81e9a) -> Adamant kiteshield (697ed90ffceb562c3aa81e9a)
Closing edge: Adamant kiteshield (697ed90ffceb562c3aa81e9a) -> Adamant kiteshield (697ed90ffceb562c3aa81e9a)

Cycle 145:
Path: Adamant kiteshield (697ed90ffceb562c3aa81e9b) -> Adamant kiteshield (697ed90ffceb562c3aa81e9b)
Closing edge: Adamant kiteshield (697ed90ffceb562c3aa81e9b) -> Adamant kiteshield (697ed90ffceb562c3aa81e9b)

Cycle 146:
Path: Adamant kiteshield (697ed90ffceb562c3aa81e9c) -> Adamant kiteshield (697ed90ffceb562c3aa81e9c)
Closing edge: Adamant kiteshield (697ed90ffceb562c3aa81e9c) -> Adamant kiteshield (697ed90ffceb562c3aa81e9c)

Cycle 147:
Path: Tree top (697ed912fceb562c3aa81fe9) -> Tree skirt (697ed912fceb562c3aa81ff3) -> Tree top (697ed912fceb562c3aa81fe9)
Closing edge: Tree skirt (697ed912fceb562c3aa81ff3) -> Tree top (697ed912fceb562c3aa81fe9)

Cycle 148:
Path: Star-face (697ed912fceb562c3aa81fe8) -> Tree top (697ed912fceb562c3aa81fe9) -> Tree skirt (697ed912fceb562c3aa81ff3) -> Star-face (697ed912fceb562c3aa81fe8)
Closing edge: Tree skirt (697ed912fceb562c3aa81ff3) -> Star-face (697ed912fceb562c3aa81fe8)

Cycle 149:
Path: Star-face (697ed912fceb562c3aa81fe8) -> Tree top (697ed912fceb562c3aa81fe9) -> Star-face (697ed912fceb562c3aa81fe8)
Closing edge: Tree top (697ed912fceb562c3aa81fe9) -> Star-face (697ed912fceb562c3aa81fe8)

Cycle 150:
Path: Rune scimitar (697ed914fceb562c3aa8215e) -> Rune scimitar (697ed914fceb562c3aa8215e)
Closing edge: Rune scimitar (697ed914fceb562c3aa8215e) -> Rune scimitar (697ed914fceb562c3aa8215e)

Cycle 151:
Path: Rune scimitar (697ed914fceb562c3aa8215f) -> Rune scimitar (697ed914fceb562c3aa8215f)
Closing edge: Rune scimitar (697ed914fceb562c3aa8215f) -> Rune scimitar (697ed914fceb562c3aa8215f)

Cycle 152:
Path: Rune scimitar (697ed914fceb562c3aa82160) -> Rune scimitar (697ed914fceb562c3aa82160)
Closing edge: Rune scimitar (697ed914fceb562c3aa82160) -> Rune scimitar (697ed914fceb562c3aa82160)

Cycle 153:
Path: Rune scimitar (697ed914fceb562c3aa82161) -> Rune scimitar (697ed914fceb562c3aa82161)
Closing edge: Rune scimitar (697ed914fceb562c3aa82161) -> Rune scimitar (697ed914fceb562c3aa82161)

Cycle 154:
Path: Rune scimitar (697ed914fceb562c3aa82162) -> Rune scimitar (697ed914fceb562c3aa82162)
Closing edge: Rune scimitar (697ed914fceb562c3aa82162) -> Rune scimitar (697ed914fceb562c3aa82162)

Cycle 155:
Path: Rune scimitar (697ed914fceb562c3aa82163) -> Rune scimitar (697ed914fceb562c3aa82163)
Closing edge: Rune scimitar (697ed914fceb562c3aa82163) -> Rune scimitar (697ed914fceb562c3aa82163)

Cycle 156:
Path: Crystal crown (697ed917fceb562c3aa82303) -> Crystal crown (697ed917fceb562c3aa82308) -> Crystal crown (697ed917fceb562c3aa82303)
Closing edge: Crystal crown (697ed917fceb562c3aa82308) -> Crystal crown (697ed917fceb562c3aa82303)

Cycle 157:
Path: Crystal crown (697ed917fceb562c3aa82303) -> Crystal crown (697ed917fceb562c3aa82308) -> Crystal crown (697ed917fceb562c3aa82307) -> Crystal crown (697ed917fceb562c3aa82303)
Closing edge: Crystal crown (697ed917fceb562c3aa82307) -> Crystal crown (697ed917fceb562c3aa82303)

Cycle 158:
Path: Crystal crown (697ed917fceb562c3aa82308) -> Crystal crown (697ed917fceb562c3aa82307) -> Crystal crown (697ed917fceb562c3aa82308)
Closing edge: Crystal crown (697ed917fceb562c3aa82307) -> Crystal crown (697ed917fceb562c3aa82308)

Cycle 159:
Path: Crystal crown (697ed917fceb562c3aa82303) -> Crystal crown (697ed917fceb562c3aa82308) -> Crystal crown (697ed917fceb562c3aa82307) -> Crystal crown (697ed917fceb562c3aa8230b) -> Crystal crown (697ed917fceb562c3aa82303)
Closing edge: Crystal crown (697ed917fceb562c3aa8230b) -> Crystal crown (697ed917fceb562c3aa82303)

Cycle 160:
Path: Crystal crown (697ed917fceb562c3aa82308) -> Crystal crown (697ed917fceb562c3aa82307) -> Crystal crown (697ed917fceb562c3aa8230b) -> Crystal crown (697ed917fceb562c3aa82308)
Closing edge: Crystal crown (697ed917fceb562c3aa8230b) -> Crystal crown (697ed917fceb562c3aa82308)

Cycle 161:
Path: Crystal crown (697ed917fceb562c3aa82307) -> Crystal crown (697ed917fceb562c3aa8230b) -> Crystal crown (697ed917fceb562c3aa82307)
Closing edge: Crystal crown (697ed917fceb562c3aa8230b) -> Crystal crown (697ed917fceb562c3aa82307)

Cycle 162:
Path: Crystal crown (697ed917fceb562c3aa82303) -> Crystal crown (697ed917fceb562c3aa82308) -> Crystal crown (697ed917fceb562c3aa82307) -> Crystal crown (697ed917fceb562c3aa8230b) -> Crystal crown (697ed917fceb562c3aa8230f) -> Crystal crown (697ed917fceb562c3aa82303)
Closing edge: Crystal crown (697ed917fceb562c3aa8230f) -> Crystal crown (697ed917fceb562c3aa82303)

Cycle 163:
Path: Crystal crown (697ed917fceb562c3aa82308) -> Crystal crown (697ed917fceb562c3aa82307) -> Crystal crown (697ed917fceb562c3aa8230b) -> Crystal crown (697ed917fceb562c3aa8230f) -> Crystal crown (697ed917fceb562c3aa82308)
Closing edge: Crystal crown (697ed917fceb562c3aa8230f) -> Crystal crown (697ed917fceb562c3aa82308)

Cycle 164:
Path: Crystal crown (697ed917fceb562c3aa82307) -> Crystal crown (697ed917fceb562c3aa8230b) -> Crystal crown (697ed917fceb562c3aa8230f) -> Crystal crown (697ed917fceb562c3aa82307)
Closing edge: Crystal crown (697ed917fceb562c3aa8230f) -> Crystal crown (697ed917fceb562c3aa82307)

Cycle 165:
Path: Crystal crown (697ed917fceb562c3aa8230b) -> Crystal crown (697ed917fceb562c3aa8230f) -> Crystal crown (697ed917fceb562c3aa8230b)
Closing edge: Crystal crown (697ed917fceb562c3aa8230f) -> Crystal crown (697ed917fceb562c3aa8230b)

Cycle 166:
Path: Crystal crown (697ed917fceb562c3aa822fe) -> Crystal crown (697ed917fceb562c3aa82303) -> Crystal crown (697ed917fceb562c3aa82308) -> Crystal crown (697ed917fceb562c3aa82307) -> Crystal crown (697ed917fceb562c3aa8230b) -> Crystal crown (697ed917fceb562c3aa8230f) -> Crystal crown (697ed917fceb562c3aa822fe)
Closing edge: Crystal crown (697ed917fceb562c3aa8230f) -> Crystal crown (697ed917fceb562c3aa822fe)

Cycle 167:
Path: Crystal crown (697ed917fceb562c3aa82303) -> Crystal crown (697ed917fceb562c3aa82308) -> Crystal crown (697ed917fceb562c3aa82307) -> Crystal crown (697ed917fceb562c3aa8230b) -> Crystal crown (697ed917fceb562c3aa8230f) -> Crystal crown (697ed917fceb562c3aa8230d) -> Crystal crown (697ed917fceb562c3aa82303)
Closing edge: Crystal crown (697ed917fceb562c3aa8230d) -> Crystal crown (697ed917fceb562c3aa82303)

Cycle 168:
Path: Crystal crown (697ed917fceb562c3aa82308) -> Crystal crown (697ed917fceb562c3aa82307) -> Crystal crown (697ed917fceb562c3aa8230b) -> Crystal crown (697ed917fceb562c3aa8230f) -> Crystal crown (697ed917fceb562c3aa8230d) -> Crystal crown (697ed917fceb562c3aa82308)
Closing edge: Crystal crown (697ed917fceb562c3aa8230d) -> Crystal crown (697ed917fceb562c3aa82308)

Cycle 169:
Path: Crystal crown (697ed917fceb562c3aa82307) -> Crystal crown (697ed917fceb562c3aa8230b) -> Crystal crown (697ed917fceb562c3aa8230f) -> Crystal crown (697ed917fceb562c3aa8230d) -> Crystal crown (697ed917fceb562c3aa82307)
Closing edge: Crystal crown (697ed917fceb562c3aa8230d) -> Crystal crown (697ed917fceb562c3aa82307)

Cycle 170:
Path: Crystal crown (697ed917fceb562c3aa8230b) -> Crystal crown (697ed917fceb562c3aa8230f) -> Crystal crown (697ed917fceb562c3aa8230d) -> Crystal crown (697ed917fceb562c3aa8230b)
Closing edge: Crystal crown (697ed917fceb562c3aa8230d) -> Crystal crown (697ed917fceb562c3aa8230b)

Cycle 171:
Path: Crystal crown (697ed917fceb562c3aa822fe) -> Crystal crown (697ed917fceb562c3aa82303) -> Crystal crown (697ed917fceb562c3aa82308) -> Crystal crown (697ed917fceb562c3aa82307) -> Crystal crown (697ed917fceb562c3aa8230b) -> Crystal crown (697ed917fceb562c3aa8230f) -> Crystal crown (697ed917fceb562c3aa8230d) -> Crystal crown (697ed917fceb562c3aa822fe)
Closing edge: Crystal crown (697ed917fceb562c3aa8230d) -> Crystal crown (697ed917fceb562c3aa822fe)

Cycle 172:
Path: Crystal crown (697ed917fceb562c3aa8230f) -> Crystal crown (697ed917fceb562c3aa8230d) -> Crystal crown (697ed917fceb562c3aa8230f)
Closing edge: Crystal crown (697ed917fceb562c3aa8230d) -> Crystal crown (697ed917fceb562c3aa8230f)

Cycle 173:
Path: Crystal crown (697ed917fceb562c3aa82303) -> Crystal crown (697ed917fceb562c3aa82308) -> Crystal crown (697ed917fceb562c3aa82307) -> Crystal crown (697ed917fceb562c3aa8230b) -> Crystal crown (697ed917fceb562c3aa8230f) -> Crystal crown (697ed917fceb562c3aa8230d) -> Crystal crown (697ed917fceb562c3aa822ff) -> Crystal crown (697ed917fceb562c3aa82303)
Closing edge: Crystal crown (697ed917fceb562c3aa822ff) -> Crystal crown (697ed917fceb562c3aa82303)

Cycle 174:
Path: Crystal crown (697ed917fceb562c3aa82308) -> Crystal crown (697ed917fceb562c3aa82307) -> Crystal crown (697ed917fceb562c3aa8230b) -> Crystal crown (697ed917fceb562c3aa8230f) -> Crystal crown (697ed917fceb562c3aa8230d) -> Crystal crown (697ed917fceb562c3aa822ff) -> Crystal crown (697ed917fceb562c3aa82308)
Closing edge: Crystal crown (697ed917fceb562c3aa822ff) -> Crystal crown (697ed917fceb562c3aa82308)

Cycle 175:
Path: Crystal crown (697ed917fceb562c3aa82307) -> Crystal crown (697ed917fceb562c3aa8230b) -> Crystal crown (697ed917fceb562c3aa8230f) -> Crystal crown (697ed917fceb562c3aa8230d) -> Crystal crown (697ed917fceb562c3aa822ff) -> Crystal crown (697ed917fceb562c3aa82307)
Closing edge: Crystal crown (697ed917fceb562c3aa822ff) -> Crystal crown (697ed917fceb562c3aa82307)

Cycle 176:
Path: Crystal crown (697ed917fceb562c3aa8230b) -> Crystal crown (697ed917fceb562c3aa8230f) -> Crystal crown (697ed917fceb562c3aa8230d) -> Crystal crown (697ed917fceb562c3aa822ff) -> Crystal crown (697ed917fceb562c3aa8230b)
Closing edge: Crystal crown (697ed917fceb562c3aa822ff) -> Crystal crown (697ed917fceb562c3aa8230b)

Cycle 177:
Path: Crystal crown (697ed917fceb562c3aa822fe) -> Crystal crown (697ed917fceb562c3aa82303) -> Crystal crown (697ed917fceb562c3aa82308) -> Crystal crown (697ed917fceb562c3aa82307) -> Crystal crown (697ed917fceb562c3aa8230b) -> Crystal crown (697ed917fceb562c3aa8230f) -> Crystal crown (697ed917fceb562c3aa8230d) -> Crystal crown (697ed917fceb562c3aa822ff) -> Crystal crown (697ed917fceb562c3aa822fe)
Closing edge: Crystal crown (697ed917fceb562c3aa822ff) -> Crystal crown (697ed917fceb562c3aa822fe)

Cycle 178:
Path: Crystal crown (697ed917fceb562c3aa8230f) -> Crystal crown (697ed917fceb562c3aa8230d) -> Crystal crown (697ed917fceb562c3aa822ff) -> Crystal crown (697ed917fceb562c3aa8230f)
Closing edge: Crystal crown (697ed917fceb562c3aa822ff) -> Crystal crown (697ed917fceb562c3aa8230f)

Cycle 179:
Path: Crystal crown (697ed917fceb562c3aa8230d) -> Crystal crown (697ed917fceb562c3aa822ff) -> Crystal crown (697ed917fceb562c3aa8230d)
Closing edge: Crystal crown (697ed917fceb562c3aa822ff) -> Crystal crown (697ed917fceb562c3aa8230d)

Cycle 180:
Path: Crystal crown (697ed917fceb562c3aa822fe) -> Crystal crown (697ed917fceb562c3aa82303) -> Crystal crown (697ed917fceb562c3aa82308) -> Crystal crown (697ed917fceb562c3aa82307) -> Crystal crown (697ed917fceb562c3aa8230b) -> Crystal crown (697ed917fceb562c3aa822fe)
Closing edge: Crystal crown (697ed917fceb562c3aa8230b) -> Crystal crown (697ed917fceb562c3aa822fe)

Cycle 181:
Path: Crystal crown (697ed917fceb562c3aa822fe) -> Crystal crown (697ed917fceb562c3aa82303) -> Crystal crown (697ed917fceb562c3aa82308) -> Crystal crown (697ed917fceb562c3aa82307) -> Crystal crown (697ed917fceb562c3aa822fe)
Closing edge: Crystal crown (697ed917fceb562c3aa82307) -> Crystal crown (697ed917fceb562c3aa822fe)

Cycle 182:
Path: Crystal crown (697ed917fceb562c3aa822fe) -> Crystal crown (697ed917fceb562c3aa82303) -> Crystal crown (697ed917fceb562c3aa82308) -> Crystal crown (697ed917fceb562c3aa822fe)
Closing edge: Crystal crown (697ed917fceb562c3aa82308) -> Crystal crown (697ed917fceb562c3aa822fe)

Cycle 183:
Path: Crystal crown (697ed917fceb562c3aa822fe) -> Crystal crown (697ed917fceb562c3aa82303) -> Crystal crown (697ed917fceb562c3aa822fe)
Closing edge: Crystal crown (697ed917fceb562c3aa82303) -> Crystal crown (697ed917fceb562c3aa822fe)

Cycle 184:
Path: Mythical max cape (697ed91bfceb562c3aa825b1) -> Mythical max hood (697ed91bfceb562c3aa825b3) -> Mythical max cape (697ed91bfceb562c3aa825b1)
Closing edge: Mythical max hood (697ed91bfceb562c3aa825b3) -> Mythical max cape (697ed91bfceb562c3aa825b1)

Cycle 185:
Path: Blade of saeldor (c) (697ed91ffceb562c3aa828b7) -> Blade of saeldor (c) (697ed91ffceb562c3aa828b7)
Closing edge: Blade of saeldor (c) (697ed91ffceb562c3aa828b7) -> Blade of saeldor (c) (697ed91ffceb562c3aa828b7)

Cycle 186:
Path: Blade of saeldor (c) (697ed91ffceb562c3aa828c1) -> Blade of saeldor (c) (697ed91ffceb562c3aa828c1)
Closing edge: Blade of saeldor (c) (697ed91ffceb562c3aa828c1) -> Blade of saeldor (c) (697ed91ffceb562c3aa828c1)

Cycle 187:
Path: Blade of saeldor (c) (697ed91ffceb562c3aa828c5) -> Blade of saeldor (c) (697ed91ffceb562c3aa828c5)
Closing edge: Blade of saeldor (c) (697ed91ffceb562c3aa828c5) -> Blade of saeldor (c) (697ed91ffceb562c3aa828c5)

Cycle 188:
Path: Blade of saeldor (c) (697ed91ffceb562c3aa828c1) -> Blade of saeldor (c) (697ed91ffceb562c3aa828c5) -> Blade of saeldor (c) (697ed91ffceb562c3aa828c1)
Closing edge: Blade of saeldor (c) (697ed91ffceb562c3aa828c5) -> Blade of saeldor (c) (697ed91ffceb562c3aa828c1)

Cycle 189:
Path: Blade of saeldor (c) (697ed91ffceb562c3aa828c7) -> Blade of saeldor (c) (697ed91ffceb562c3aa828c7)
Closing edge: Blade of saeldor (c) (697ed91ffceb562c3aa828c7) -> Blade of saeldor (c) (697ed91ffceb562c3aa828c7)

Cycle 190:
Path: Blade of saeldor (c) (697ed91ffceb562c3aa828c1) -> Blade of saeldor (c) (697ed91ffceb562c3aa828c5) -> Blade of saeldor (c) (697ed91ffceb562c3aa828c7) -> Blade of saeldor (c) (697ed91ffceb562c3aa828c1)
Closing edge: Blade of saeldor (c) (697ed91ffceb562c3aa828c7) -> Blade of saeldor (c) (697ed91ffceb562c3aa828c1)

Cycle 191:
Path: Blade of saeldor (c) (697ed91ffceb562c3aa828c5) -> Blade of saeldor (c) (697ed91ffceb562c3aa828c7) -> Blade of saeldor (c) (697ed91ffceb562c3aa828c5)
Closing edge: Blade of saeldor (c) (697ed91ffceb562c3aa828c7) -> Blade of saeldor (c) (697ed91ffceb562c3aa828c5)

Cycle 192:
Path: Blade of saeldor (c) (697ed91ffceb562c3aa828bf) -> Blade of saeldor (c) (697ed91ffceb562c3aa828bf)
Closing edge: Blade of saeldor (c) (697ed91ffceb562c3aa828bf) -> Blade of saeldor (c) (697ed91ffceb562c3aa828bf)

Cycle 193:
Path: Blade of saeldor (c) (697ed91ffceb562c3aa828c1) -> Blade of saeldor (c) (697ed91ffceb562c3aa828c5) -> Blade of saeldor (c) (697ed91ffceb562c3aa828c7) -> Blade of saeldor (c) (697ed91ffceb562c3aa828bf) -> Blade of saeldor (c) (697ed91ffceb562c3aa828c1)
Closing edge: Blade of saeldor (c) (697ed91ffceb562c3aa828bf) -> Blade of saeldor (c) (697ed91ffceb562c3aa828c1)

Cycle 194:
Path: Blade of saeldor (c) (697ed91ffceb562c3aa828c5) -> Blade of saeldor (c) (697ed91ffceb562c3aa828c7) -> Blade of saeldor (c) (697ed91ffceb562c3aa828bf) -> Blade of saeldor (c) (697ed91ffceb562c3aa828c5)
Closing edge: Blade of saeldor (c) (697ed91ffceb562c3aa828bf) -> Blade of saeldor (c) (697ed91ffceb562c3aa828c5)

Cycle 195:
Path: Blade of saeldor (c) (697ed91ffceb562c3aa828c7) -> Blade of saeldor (c) (697ed91ffceb562c3aa828bf) -> Blade of saeldor (c) (697ed91ffceb562c3aa828c7)
Closing edge: Blade of saeldor (c) (697ed91ffceb562c3aa828bf) -> Blade of saeldor (c) (697ed91ffceb562c3aa828c7)

Cycle 196:
Path: Blade of saeldor (c) (697ed91ffceb562c3aa828b7) -> Blade of saeldor (c) (697ed91ffceb562c3aa828c1) -> Blade of saeldor (c) (697ed91ffceb562c3aa828c5) -> Blade of saeldor (c) (697ed91ffceb562c3aa828c7) -> Blade of saeldor (c) (697ed91ffceb562c3aa828bf) -> Blade of saeldor (c) (697ed91ffceb562c3aa828b7)
Closing edge: Blade of saeldor (c) (697ed91ffceb562c3aa828bf) -> Blade of saeldor (c) (697ed91ffceb562c3aa828b7)

Cycle 197:
Path: Blade of saeldor (c) (697ed91ffceb562c3aa828c9) -> Blade of saeldor (c) (697ed91ffceb562c3aa828c9)
Closing edge: Blade of saeldor (c) (697ed91ffceb562c3aa828c9) -> Blade of saeldor (c) (697ed91ffceb562c3aa828c9)

Cycle 198:
Path: Blade of saeldor (c) (697ed91ffceb562c3aa828c1) -> Blade of saeldor (c) (697ed91ffceb562c3aa828c5) -> Blade of saeldor (c) (697ed91ffceb562c3aa828c7) -> Blade of saeldor (c) (697ed91ffceb562c3aa828bf) -> Blade of saeldor (c) (697ed91ffceb562c3aa828c9) -> Blade of saeldor (c) (697ed91ffceb562c3aa828c1)
Closing edge: Blade of saeldor (c) (697ed91ffceb562c3aa828c9) -> Blade of saeldor (c) (697ed91ffceb562c3aa828c1)

Cycle 199:
Path: Blade of saeldor (c) (697ed91ffceb562c3aa828c5) -> Blade of saeldor (c) (697ed91ffceb562c3aa828c7) -> Blade of saeldor (c) (697ed91ffceb562c3aa828bf) -> Blade of saeldor (c) (697ed91ffceb562c3aa828c9) -> Blade of saeldor (c) (697ed91ffceb562c3aa828c5)
Closing edge: Blade of saeldor (c) (697ed91ffceb562c3aa828c9) -> Blade of saeldor (c) (697ed91ffceb562c3aa828c5)

Cycle 200:
Path: Blade of saeldor (c) (697ed91ffceb562c3aa828c7) -> Blade of saeldor (c) (697ed91ffceb562c3aa828bf) -> Blade of saeldor (c) (697ed91ffceb562c3aa828c9) -> Blade of saeldor (c) (697ed91ffceb562c3aa828c7)
Closing edge: Blade of saeldor (c) (697ed91ffceb562c3aa828c9) -> Blade of saeldor (c) (697ed91ffceb562c3aa828c7)

Cycle 201:
Path: Blade of saeldor (c) (697ed91ffceb562c3aa828bf) -> Blade of saeldor (c) (697ed91ffceb562c3aa828c9) -> Blade of saeldor (c) (697ed91ffceb562c3aa828bf)
Closing edge: Blade of saeldor (c) (697ed91ffceb562c3aa828c9) -> Blade of saeldor (c) (697ed91ffceb562c3aa828bf)

Cycle 202:
Path: Blade of saeldor (c) (697ed91ffceb562c3aa828b7) -> Blade of saeldor (c) (697ed91ffceb562c3aa828c1) -> Blade of saeldor (c) (697ed91ffceb562c3aa828c5) -> Blade of saeldor (c) (697ed91ffceb562c3aa828c7) -> Blade of saeldor (c) (697ed91ffceb562c3aa828bf) -> Blade of saeldor (c) (697ed91ffceb562c3aa828c9) -> Blade of saeldor (c) (697ed91ffceb562c3aa828b7)
Closing edge: Blade of saeldor (c) (697ed91ffceb562c3aa828c9) -> Blade of saeldor (c) (697ed91ffceb562c3aa828b7)

Cycle 203:
Path: Blade of saeldor (c) (697ed91ffceb562c3aa828c3) -> Blade of saeldor (c) (697ed91ffceb562c3aa828c3)
Closing edge: Blade of saeldor (c) (697ed91ffceb562c3aa828c3) -> Blade of saeldor (c) (697ed91ffceb562c3aa828c3)

Cycle 204:
Path: Blade of saeldor (c) (697ed91ffceb562c3aa828c1) -> Blade of saeldor (c) (697ed91ffceb562c3aa828c5) -> Blade of saeldor (c) (697ed91ffceb562c3aa828c7) -> Blade of saeldor (c) (697ed91ffceb562c3aa828bf) -> Blade of saeldor (c) (697ed91ffceb562c3aa828c9) -> Blade of saeldor (c) (697ed91ffceb562c3aa828c3) -> Blade of saeldor (c) (697ed91ffceb562c3aa828c1)
Closing edge: Blade of saeldor (c) (697ed91ffceb562c3aa828c3) -> Blade of saeldor (c) (697ed91ffceb562c3aa828c1)

Cycle 205:
Path: Blade of saeldor (c) (697ed91ffceb562c3aa828c5) -> Blade of saeldor (c) (697ed91ffceb562c3aa828c7) -> Blade of saeldor (c) (697ed91ffceb562c3aa828bf) -> Blade of saeldor (c) (697ed91ffceb562c3aa828c9) -> Blade of saeldor (c) (697ed91ffceb562c3aa828c3) -> Blade of saeldor (c) (697ed91ffceb562c3aa828c5)
Closing edge: Blade of saeldor (c) (697ed91ffceb562c3aa828c3) -> Blade of saeldor (c) (697ed91ffceb562c3aa828c5)

Cycle 206:
Path: Blade of saeldor (c) (697ed91ffceb562c3aa828c7) -> Blade of saeldor (c) (697ed91ffceb562c3aa828bf) -> Blade of saeldor (c) (697ed91ffceb562c3aa828c9) -> Blade of saeldor (c) (697ed91ffceb562c3aa828c3) -> Blade of saeldor (c) (697ed91ffceb562c3aa828c7)
Closing edge: Blade of saeldor (c) (697ed91ffceb562c3aa828c3) -> Blade of saeldor (c) (697ed91ffceb562c3aa828c7)

Cycle 207:
Path: Blade of saeldor (c) (697ed91ffceb562c3aa828bf) -> Blade of saeldor (c) (697ed91ffceb562c3aa828c9) -> Blade of saeldor (c) (697ed91ffceb562c3aa828c3) -> Blade of saeldor (c) (697ed91ffceb562c3aa828bf)
Closing edge: Blade of saeldor (c) (697ed91ffceb562c3aa828c3) -> Blade of saeldor (c) (697ed91ffceb562c3aa828bf)

Cycle 208:
Path: Blade of saeldor (c) (697ed91ffceb562c3aa828b7) -> Blade of saeldor (c) (697ed91ffceb562c3aa828c1) -> Blade of saeldor (c) (697ed91ffceb562c3aa828c5) -> Blade of saeldor (c) (697ed91ffceb562c3aa828c7) -> Blade of saeldor (c) (697ed91ffceb562c3aa828bf) -> Blade of saeldor (c) (697ed91ffceb562c3aa828c9) -> Blade of saeldor (c) (697ed91ffceb562c3aa828c3) -> Blade of saeldor (c) (697ed91ffceb562c3aa828b7)
Closing edge: Blade of saeldor (c) (697ed91ffceb562c3aa828c3) -> Blade of saeldor (c) (697ed91ffceb562c3aa828b7)

Cycle 209:
Path: Blade of saeldor (c) (697ed91ffceb562c3aa828c9) -> Blade of saeldor (c) (697ed91ffceb562c3aa828c3) -> Blade of saeldor (c) (697ed91ffceb562c3aa828c9)
Closing edge: Blade of saeldor (c) (697ed91ffceb562c3aa828c3) -> Blade of saeldor (c) (697ed91ffceb562c3aa828c9)

Cycle 210:
Path: Blade of saeldor (c) (697ed91ffceb562c3aa828b7) -> Blade of saeldor (c) (697ed91ffceb562c3aa828c1) -> Blade of saeldor (c) (697ed91ffceb562c3aa828c5) -> Blade of saeldor (c) (697ed91ffceb562c3aa828c7) -> Blade of saeldor (c) (697ed91ffceb562c3aa828b7)
Closing edge: Blade of saeldor (c) (697ed91ffceb562c3aa828c7) -> Blade of saeldor (c) (697ed91ffceb562c3aa828b7)

Cycle 211:
Path: Blade of saeldor (c) (697ed91ffceb562c3aa828b7) -> Blade of saeldor (c) (697ed91ffceb562c3aa828c1) -> Blade of saeldor (c) (697ed91ffceb562c3aa828c5) -> Blade of saeldor (c) (697ed91ffceb562c3aa828b7)
Closing edge: Blade of saeldor (c) (697ed91ffceb562c3aa828c5) -> Blade of saeldor (c) (697ed91ffceb562c3aa828b7)

Cycle 212:
Path: Blade of saeldor (c) (697ed91ffceb562c3aa828b7) -> Blade of saeldor (c) (697ed91ffceb562c3aa828c1) -> Blade of saeldor (c) (697ed91ffceb562c3aa828b7)
Closing edge: Blade of saeldor (c) (697ed91ffceb562c3aa828c1) -> Blade of saeldor (c) (697ed91ffceb562c3aa828b7)

Cycle 213:
Path: Blade of saeldor (c) (697ed91ffceb562c3aa828b8) -> Blade of saeldor (c) (697ed91ffceb562c3aa828b8)
Closing edge: Blade of saeldor (c) (697ed91ffceb562c3aa828b8) -> Blade of saeldor (c) (697ed91ffceb562c3aa828b8)

Cycle 214:
Path: Blade of saeldor (c) (697ed91ffceb562c3aa828c0) -> Blade of saeldor (c) (697ed91ffceb562c3aa828c0)
Closing edge: Blade of saeldor (c) (697ed91ffceb562c3aa828c0) -> Blade of saeldor (c) (697ed91ffceb562c3aa828c0)

Cycle 215:
Path: Blade of saeldor (c) (697ed91ffceb562c3aa828c2) -> Blade of saeldor (c) (697ed91ffceb562c3aa828c2)
Closing edge: Blade of saeldor (c) (697ed91ffceb562c3aa828c2) -> Blade of saeldor (c) (697ed91ffceb562c3aa828c2)

Cycle 216:
Path: Blade of saeldor (c) (697ed91ffceb562c3aa828c4) -> Blade of saeldor (c) (697ed91ffceb562c3aa828c4)
Closing edge: Blade of saeldor (c) (697ed91ffceb562c3aa828c4) -> Blade of saeldor (c) (697ed91ffceb562c3aa828c4)

Cycle 217:
Path: Blade of saeldor (c) (697ed91ffceb562c3aa828c6) -> Blade of saeldor (c) (697ed91ffceb562c3aa828c6)
Closing edge: Blade of saeldor (c) (697ed91ffceb562c3aa828c6) -> Blade of saeldor (c) (697ed91ffceb562c3aa828c6)

Cycle 218:
Path: Blade of saeldor (c) (697ed91ffceb562c3aa828c8) -> Blade of saeldor (c) (697ed91ffceb562c3aa828c8)
Closing edge: Blade of saeldor (c) (697ed91ffceb562c3aa828c8) -> Blade of saeldor (c) (697ed91ffceb562c3aa828c8)

Cycle 219:
Path: Blade of saeldor (c) (697ed91ffceb562c3aa828ca) -> Blade of saeldor (c) (697ed91ffceb562c3aa828ca)
Closing edge: Blade of saeldor (c) (697ed91ffceb562c3aa828ca) -> Blade of saeldor (c) (697ed91ffceb562c3aa828ca)

Cycle 220:
Path: Bow of faerdhinen (c) (697ed91ffceb562c3aa828cb) -> Bow of faerdhinen (c) (697ed91ffceb562c3aa828cb)
Closing edge: Bow of faerdhinen (c) (697ed91ffceb562c3aa828cb) -> Bow of faerdhinen (c) (697ed91ffceb562c3aa828cb)

Cycle 221:
Path: Bow of faerdhinen (c) (697ed91ffceb562c3aa828d7) -> Bow of faerdhinen (c) (697ed91ffceb562c3aa828d7)
Closing edge: Bow of faerdhinen (c) (697ed91ffceb562c3aa828d7) -> Bow of faerdhinen (c) (697ed91ffceb562c3aa828d7)

Cycle 222:
Path: Bow of faerdhinen (c) (697ed91ffceb562c3aa828d3) -> Bow of faerdhinen (c) (697ed91ffceb562c3aa828d3)
Closing edge: Bow of faerdhinen (c) (697ed91ffceb562c3aa828d3) -> Bow of faerdhinen (c) (697ed91ffceb562c3aa828d3)

Cycle 223:
Path: Bow of faerdhinen (c) (697ed91ffceb562c3aa828d7) -> Bow of faerdhinen (c) (697ed91ffceb562c3aa828d3) -> Bow of faerdhinen (c) (697ed91ffceb562c3aa828d7)
Closing edge: Bow of faerdhinen (c) (697ed91ffceb562c3aa828d3) -> Bow of faerdhinen (c) (697ed91ffceb562c3aa828d7)

Cycle 224:
Path: Bow of faerdhinen (c) (697ed91ffceb562c3aa828d5) -> Bow of faerdhinen (c) (697ed91ffceb562c3aa828d5)
Closing edge: Bow of faerdhinen (c) (697ed91ffceb562c3aa828d5) -> Bow of faerdhinen (c) (697ed91ffceb562c3aa828d5)

Cycle 225:
Path: Bow of faerdhinen (c) (697ed91ffceb562c3aa828d7) -> Bow of faerdhinen (c) (697ed91ffceb562c3aa828d3) -> Bow of faerdhinen (c) (697ed91ffceb562c3aa828d5) -> Bow of faerdhinen (c) (697ed91ffceb562c3aa828d7)
Closing edge: Bow of faerdhinen (c) (697ed91ffceb562c3aa828d5) -> Bow of faerdhinen (c) (697ed91ffceb562c3aa828d7)

Cycle 226:
Path: Bow of faerdhinen (c) (697ed91ffceb562c3aa828d3) -> Bow of faerdhinen (c) (697ed91ffceb562c3aa828d5) -> Bow of faerdhinen (c) (697ed91ffceb562c3aa828d3)
Closing edge: Bow of faerdhinen (c) (697ed91ffceb562c3aa828d5) -> Bow of faerdhinen (c) (697ed91ffceb562c3aa828d3)

Cycle 227:
Path: Bow of faerdhinen (c) (697ed91ffceb562c3aa828cf) -> Bow of faerdhinen (c) (697ed91ffceb562c3aa828cf)
Closing edge: Bow of faerdhinen (c) (697ed91ffceb562c3aa828cf) -> Bow of faerdhinen (c) (697ed91ffceb562c3aa828cf)

Cycle 228:
Path: Bow of faerdhinen (c) (697ed91ffceb562c3aa828d7) -> Bow of faerdhinen (c) (697ed91ffceb562c3aa828d3) -> Bow of faerdhinen (c) (697ed91ffceb562c3aa828d5) -> Bow of faerdhinen (c) (697ed91ffceb562c3aa828cf) -> Bow of faerdhinen (c) (697ed91ffceb562c3aa828d7)
Closing edge: Bow of faerdhinen (c) (697ed91ffceb562c3aa828cf) -> Bow of faerdhinen (c) (697ed91ffceb562c3aa828d7)

Cycle 229:
Path: Bow of faerdhinen (c) (697ed91ffceb562c3aa828d3) -> Bow of faerdhinen (c) (697ed91ffceb562c3aa828d5) -> Bow of faerdhinen (c) (697ed91ffceb562c3aa828cf) -> Bow of faerdhinen (c) (697ed91ffceb562c3aa828d3)
Closing edge: Bow of faerdhinen (c) (697ed91ffceb562c3aa828cf) -> Bow of faerdhinen (c) (697ed91ffceb562c3aa828d3)

Cycle 230:
Path: Bow of faerdhinen (c) (697ed91ffceb562c3aa828d5) -> Bow of faerdhinen (c) (697ed91ffceb562c3aa828cf) -> Bow of faerdhinen (c) (697ed91ffceb562c3aa828d5)
Closing edge: Bow of faerdhinen (c) (697ed91ffceb562c3aa828cf) -> Bow of faerdhinen (c) (697ed91ffceb562c3aa828d5)

Cycle 231:
Path: Bow of faerdhinen (c) (697ed91ffceb562c3aa828cb) -> Bow of faerdhinen (c) (697ed91ffceb562c3aa828d7) -> Bow of faerdhinen (c) (697ed91ffceb562c3aa828d3) -> Bow of faerdhinen (c) (697ed91ffceb562c3aa828d5) -> Bow of faerdhinen (c) (697ed91ffceb562c3aa828cf) -> Bow of faerdhinen (c) (697ed91ffceb562c3aa828cb)
Closing edge: Bow of faerdhinen (c) (697ed91ffceb562c3aa828cf) -> Bow of faerdhinen (c) (697ed91ffceb562c3aa828cb)

Cycle 232:
Path: Bow of faerdhinen (c) (697ed91ffceb562c3aa828cd) -> Bow of faerdhinen (c) (697ed91ffceb562c3aa828cd)
Closing edge: Bow of faerdhinen (c) (697ed91ffceb562c3aa828cd) -> Bow of faerdhinen (c) (697ed91ffceb562c3aa828cd)

Cycle 233:
Path: Bow of faerdhinen (c) (697ed91ffceb562c3aa828d7) -> Bow of faerdhinen (c) (697ed91ffceb562c3aa828d3) -> Bow of faerdhinen (c) (697ed91ffceb562c3aa828d5) -> Bow of faerdhinen (c) (697ed91ffceb562c3aa828cf) -> Bow of faerdhinen (c) (697ed91ffceb562c3aa828cd) -> Bow of faerdhinen (c) (697ed91ffceb562c3aa828d7)
Closing edge: Bow of faerdhinen (c) (697ed91ffceb562c3aa828cd) -> Bow of faerdhinen (c) (697ed91ffceb562c3aa828d7)

Cycle 234:
Path: Bow of faerdhinen (c) (697ed91ffceb562c3aa828d3) -> Bow of faerdhinen (c) (697ed91ffceb562c3aa828d5) -> Bow of faerdhinen (c) (697ed91ffceb562c3aa828cf) -> Bow of faerdhinen (c) (697ed91ffceb562c3aa828cd) -> Bow of faerdhinen (c) (697ed91ffceb562c3aa828d3)
Closing edge: Bow of faerdhinen (c) (697ed91ffceb562c3aa828cd) -> Bow of faerdhinen (c) (697ed91ffceb562c3aa828d3)

Cycle 235:
Path: Bow of faerdhinen (c) (697ed91ffceb562c3aa828d5) -> Bow of faerdhinen (c) (697ed91ffceb562c3aa828cf) -> Bow of faerdhinen (c) (697ed91ffceb562c3aa828cd) -> Bow of faerdhinen (c) (697ed91ffceb562c3aa828d5)
Closing edge: Bow of faerdhinen (c) (697ed91ffceb562c3aa828cd) -> Bow of faerdhinen (c) (697ed91ffceb562c3aa828d5)

Cycle 236:
Path: Bow of faerdhinen (c) (697ed91ffceb562c3aa828cf) -> Bow of faerdhinen (c) (697ed91ffceb562c3aa828cd) -> Bow of faerdhinen (c) (697ed91ffceb562c3aa828cf)
Closing edge: Bow of faerdhinen (c) (697ed91ffceb562c3aa828cd) -> Bow of faerdhinen (c) (697ed91ffceb562c3aa828cf)

Cycle 237:
Path: Bow of faerdhinen (c) (697ed91ffceb562c3aa828cb) -> Bow of faerdhinen (c) (697ed91ffceb562c3aa828d7) -> Bow of faerdhinen (c) (697ed91ffceb562c3aa828d3) -> Bow of faerdhinen (c) (697ed91ffceb562c3aa828d5) -> Bow of faerdhinen (c) (697ed91ffceb562c3aa828cf) -> Bow of faerdhinen (c) (697ed91ffceb562c3aa828cd) -> Bow of faerdhinen (c) (697ed91ffceb562c3aa828cb)
Closing edge: Bow of faerdhinen (c) (697ed91ffceb562c3aa828cd) -> Bow of faerdhinen (c) (697ed91ffceb562c3aa828cb)

Cycle 238:
Path: Bow of faerdhinen (c) (697ed91ffceb562c3aa828d1) -> Bow of faerdhinen (c) (697ed91ffceb562c3aa828d1)
Closing edge: Bow of faerdhinen (c) (697ed91ffceb562c3aa828d1) -> Bow of faerdhinen (c) (697ed91ffceb562c3aa828d1)

Cycle 239:
Path: Bow of faerdhinen (c) (697ed91ffceb562c3aa828d7) -> Bow of faerdhinen (c) (697ed91ffceb562c3aa828d3) -> Bow of faerdhinen (c) (697ed91ffceb562c3aa828d5) -> Bow of faerdhinen (c) (697ed91ffceb562c3aa828cf) -> Bow of faerdhinen (c) (697ed91ffceb562c3aa828cd) -> Bow of faerdhinen (c) (697ed91ffceb562c3aa828d1) -> Bow of faerdhinen (c) (697ed91ffceb562c3aa828d7)
Closing edge: Bow of faerdhinen (c) (697ed91ffceb562c3aa828d1) -> Bow of faerdhinen (c) (697ed91ffceb562c3aa828d7)

Cycle 240:
Path: Bow of faerdhinen (c) (697ed91ffceb562c3aa828d3) -> Bow of faerdhinen (c) (697ed91ffceb562c3aa828d5) -> Bow of faerdhinen (c) (697ed91ffceb562c3aa828cf) -> Bow of faerdhinen (c) (697ed91ffceb562c3aa828cd) -> Bow of faerdhinen (c) (697ed91ffceb562c3aa828d1) -> Bow of faerdhinen (c) (697ed91ffceb562c3aa828d3)
Closing edge: Bow of faerdhinen (c) (697ed91ffceb562c3aa828d1) -> Bow of faerdhinen (c) (697ed91ffceb562c3aa828d3)

Cycle 241:
Path: Bow of faerdhinen (c) (697ed91ffceb562c3aa828d5) -> Bow of faerdhinen (c) (697ed91ffceb562c3aa828cf) -> Bow of faerdhinen (c) (697ed91ffceb562c3aa828cd) -> Bow of faerdhinen (c) (697ed91ffceb562c3aa828d1) -> Bow of faerdhinen (c) (697ed91ffceb562c3aa828d5)
Closing edge: Bow of faerdhinen (c) (697ed91ffceb562c3aa828d1) -> Bow of faerdhinen (c) (697ed91ffceb562c3aa828d5)

Cycle 242:
Path: Bow of faerdhinen (c) (697ed91ffceb562c3aa828cf) -> Bow of faerdhinen (c) (697ed91ffceb562c3aa828cd) -> Bow of faerdhinen (c) (697ed91ffceb562c3aa828d1) -> Bow of faerdhinen (c) (697ed91ffceb562c3aa828cf)
Closing edge: Bow of faerdhinen (c) (697ed91ffceb562c3aa828d1) -> Bow of faerdhinen (c) (697ed91ffceb562c3aa828cf)

Cycle 243:
Path: Bow of faerdhinen (c) (697ed91ffceb562c3aa828cb) -> Bow of faerdhinen (c) (697ed91ffceb562c3aa828d7) -> Bow of faerdhinen (c) (697ed91ffceb562c3aa828d3) -> Bow of faerdhinen (c) (697ed91ffceb562c3aa828d5) -> Bow of faerdhinen (c) (697ed91ffceb562c3aa828cf) -> Bow of faerdhinen (c) (697ed91ffceb562c3aa828cd) -> Bow of faerdhinen (c) (697ed91ffceb562c3aa828d1) -> Bow of faerdhinen (c) (697ed91ffceb562c3aa828cb)
Closing edge: Bow of faerdhinen (c) (697ed91ffceb562c3aa828d1) -> Bow of faerdhinen (c) (697ed91ffceb562c3aa828cb)

Cycle 244:
Path: Bow of faerdhinen (c) (697ed91ffceb562c3aa828cd) -> Bow of faerdhinen (c) (697ed91ffceb562c3aa828d1) -> Bow of faerdhinen (c) (697ed91ffceb562c3aa828cd)
Closing edge: Bow of faerdhinen (c) (697ed91ffceb562c3aa828d1) -> Bow of faerdhinen (c) (697ed91ffceb562c3aa828cd)

Cycle 245:
Path: Bow of faerdhinen (c) (697ed91ffceb562c3aa828cb) -> Bow of faerdhinen (c) (697ed91ffceb562c3aa828d7) -> Bow of faerdhinen (c) (697ed91ffceb562c3aa828d3) -> Bow of faerdhinen (c) (697ed91ffceb562c3aa828d5) -> Bow of faerdhinen (c) (697ed91ffceb562c3aa828cb)
Closing edge: Bow of faerdhinen (c) (697ed91ffceb562c3aa828d5) -> Bow of faerdhinen (c) (697ed91ffceb562c3aa828cb)

Cycle 246:
Path: Bow of faerdhinen (c) (697ed91ffceb562c3aa828cb) -> Bow of faerdhinen (c) (697ed91ffceb562c3aa828d7) -> Bow of faerdhinen (c) (697ed91ffceb562c3aa828d3) -> Bow of faerdhinen (c) (697ed91ffceb562c3aa828cb)
Closing edge: Bow of faerdhinen (c) (697ed91ffceb562c3aa828d3) -> Bow of faerdhinen (c) (697ed91ffceb562c3aa828cb)

Cycle 247:
Path: Bow of faerdhinen (c) (697ed91ffceb562c3aa828cb) -> Bow of faerdhinen (c) (697ed91ffceb562c3aa828d7) -> Bow of faerdhinen (c) (697ed91ffceb562c3aa828cb)
Closing edge: Bow of faerdhinen (c) (697ed91ffceb562c3aa828d7) -> Bow of faerdhinen (c) (697ed91ffceb562c3aa828cb)

Cycle 248:
Path: Bow of faerdhinen (c) (697ed91ffceb562c3aa828cc) -> Bow of faerdhinen (c) (697ed91ffceb562c3aa828cc)
Closing edge: Bow of faerdhinen (c) (697ed91ffceb562c3aa828cc) -> Bow of faerdhinen (c) (697ed91ffceb562c3aa828cc)

Cycle 249:
Path: Bow of faerdhinen (c) (697ed91ffceb562c3aa828ce) -> Bow of faerdhinen (c) (697ed91ffceb562c3aa828ce)
Closing edge: Bow of faerdhinen (c) (697ed91ffceb562c3aa828ce) -> Bow of faerdhinen (c) (697ed91ffceb562c3aa828ce)

Cycle 250:
Path: Bow of faerdhinen (c) (697ed91ffceb562c3aa828d0) -> Bow of faerdhinen (c) (697ed91ffceb562c3aa828d0)
Closing edge: Bow of faerdhinen (c) (697ed91ffceb562c3aa828d0) -> Bow of faerdhinen (c) (697ed91ffceb562c3aa828d0)

Cycle 251:
Path: Bow of faerdhinen (c) (697ed91ffceb562c3aa828d2) -> Bow of faerdhinen (c) (697ed91ffceb562c3aa828d2)
Closing edge: Bow of faerdhinen (c) (697ed91ffceb562c3aa828d2) -> Bow of faerdhinen (c) (697ed91ffceb562c3aa828d2)

Cycle 252:
Path: Bow of faerdhinen (c) (697ed91ffceb562c3aa828d4) -> Bow of faerdhinen (c) (697ed91ffceb562c3aa828d4)
Closing edge: Bow of faerdhinen (c) (697ed91ffceb562c3aa828d4) -> Bow of faerdhinen (c) (697ed91ffceb562c3aa828d4)

Cycle 253:
Path: Bow of faerdhinen (c) (697ed91ffceb562c3aa828d6) -> Bow of faerdhinen (c) (697ed91ffceb562c3aa828d6)
Closing edge: Bow of faerdhinen (c) (697ed91ffceb562c3aa828d6) -> Bow of faerdhinen (c) (697ed91ffceb562c3aa828d6)

Cycle 254:
Path: Bow of faerdhinen (c) (697ed91ffceb562c3aa828d8) -> Bow of faerdhinen (c) (697ed91ffceb562c3aa828d8)
Closing edge: Bow of faerdhinen (c) (697ed91ffceb562c3aa828d8) -> Bow of faerdhinen (c) (697ed91ffceb562c3aa828d8)

Cycle 255:
Path: Colossal pouch (697ed924fceb562c3aa82bfd) -> Colossal pouch (697ed924fceb562c3aa82bfd)
Closing edge: Colossal pouch (697ed924fceb562c3aa82bfd) -> Colossal pouch (697ed924fceb562c3aa82bfd)

Cycle 256:
Path: Colossal pouch (697ed924fceb562c3aa82bfe) -> Colossal pouch (697ed924fceb562c3aa82bfe)
Closing edge: Colossal pouch (697ed924fceb562c3aa82bfe) -> Colossal pouch (697ed924fceb562c3aa82bfe)

Cycle 257:
Path: Dagannoth bones (697ed92ffceb562c3aa83313) -> Dagannoth bones (697ed92ffceb562c3aa83313)
Closing edge: Dagannoth bones (697ed92ffceb562c3aa83313) -> Dagannoth bones (697ed92ffceb562c3aa83313)

Cycle 258:
Path: Dagannoth bones (697ed92ffceb562c3aa83314) -> Dagannoth bones (697ed92ffceb562c3aa83314)
Closing edge: Dagannoth bones (697ed92ffceb562c3aa83314) -> Dagannoth bones (697ed92ffceb562c3aa83314)

Creation spec removals:
Removed creationSpecs from 69281220b293fc9f9a45d806 referencing 69281220b293fc9f9a45d804 (matched=1, modified=1)
Removed creationSpecs from 69281220b293fc9f9a45d807 referencing 69281220b293fc9f9a45d806 (matched=1, modified=1)
Removed creationSpecs from 69281220b293fc9f9a45d807 referencing 69281220b293fc9f9a45d804 (matched=1, modified=1)
Removed creationSpecs from 69281220b293fc9f9a45d805 referencing 69281220b293fc9f9a45d806 (matched=1, modified=1)
Removed creationSpecs from 69281220b293fc9f9a45d805 referencing 69281220b293fc9f9a45d807 (matched=1, modified=1)
Removed creationSpecs from 69281220b293fc9f9a45d805 referencing 69281220b293fc9f9a45d804 (matched=1, modified=1)
Removed creationSpecs from 69281222b293fc9f9a45d895 referencing 69281222b293fc9f9a45d886 (matched=1, modified=1)
Removed creationSpecs from 693578fcb293fc9f9a4733f1 referencing 6934f946b293fc9f9a472aae (matched=1, modified=1)
Removed creationSpecs from 693507bbb293fc9f9a472bcf referencing 693507bbb293fc9f9a472bcf (matched=1, modified=1)
Removed creationSpecs from 69281231b293fc9f9a45de7b referencing 69281231b293fc9f9a45de67 (matched=1, modified=1)
Removed creationSpecs from 69281261b293fc9f9a45f5fb referencing 69281261b293fc9f9a45f5fb (matched=1, modified=1)
Removed creationSpecs from 6934c7fbb293fc9f9a4711f5 referencing 6934c7fbb293fc9f9a4711f5 (matched=1, modified=1)
Removed creationSpecs from 6934c7fbb293fc9f9a4711f6 referencing 6934c7fbb293fc9f9a4711f6 (matched=1, modified=1)
Removed creationSpecs from 6934c7fbb293fc9f9a4711f7 referencing 6934c7fbb293fc9f9a4711f7 (matched=1, modified=1)
Removed creationSpecs from 6934c7fbb293fc9f9a4711f8 referencing 6934c7fbb293fc9f9a4711f8 (matched=1, modified=1)
Removed creationSpecs from 6934c81eb293fc9f9a4716fa referencing 6934c81eb293fc9f9a4716fa (matched=1, modified=1)
Removed creationSpecs from 6934c81eb293fc9f9a4716fb referencing 6934c81eb293fc9f9a4716fb (matched=1, modified=1)
Removed creationSpecs from 6934c81eb293fc9f9a471702 referencing 6934c81eb293fc9f9a471702 (matched=1, modified=1)
Removed creationSpecs from 6934c81eb293fc9f9a471703 referencing 6934c81eb293fc9f9a471703 (matched=1, modified=1)
Removed creationSpecs from 6934c846b293fc9f9a472155 referencing 6934c846b293fc9f9a472155 (matched=1, modified=1)
Removed creationSpecs from 69359151b293fc9f9a4735a7 referencing 693578cdb293fc9f9a4733ec (matched=1, modified=1)
Removed creationSpecs from 6935915fb293fc9f9a4735a8 referencing 693578cdb293fc9f9a4733ec (matched=1, modified=1)
Removed creationSpecs from 697ed8c3fceb562c3aa7f593 referencing 697ed8c3fceb562c3aa7f593 (matched=1, modified=1)
Removed creationSpecs from 697ed8c7fceb562c3aa7f808 referencing 697ed8c7fceb562c3aa7f808 (matched=1, modified=1)
Removed creationSpecs from 697ed8d0fceb562c3aa7fc7a referencing 697ed8d0fceb562c3aa7fc7a (matched=1, modified=1)
Removed creationSpecs from 697ed8d2fceb562c3aa7fd85 referencing 697ed8d2fceb562c3aa7fd85 (matched=1, modified=1)
Removed creationSpecs from 697ed8d9fceb562c3aa802aa referencing 697ed8d9fceb562c3aa802aa (matched=1, modified=1)
Removed creationSpecs from 697ed8d9fceb562c3aa802ac referencing 697ed8d9fceb562c3aa802ac (matched=1, modified=1)
Removed creationSpecs from 697ed8d9fceb562c3aa802ad referencing 697ed8d9fceb562c3aa802ad (matched=1, modified=1)
Removed creationSpecs from 697ed8d9fceb562c3aa802ae referencing 697ed8d9fceb562c3aa802ae (matched=1, modified=1)
Removed creationSpecs from 697ed8d9fceb562c3aa8030b referencing 697ed8d9fceb562c3aa8030b (matched=1, modified=1)
Removed creationSpecs from 697ed8d9fceb562c3aa8030c referencing 697ed8d9fceb562c3aa8030c (matched=1, modified=1)
Removed creationSpecs from 697ed8d9fceb562c3aa8030d referencing 697ed8d9fceb562c3aa8030d (matched=1, modified=1)
Removed creationSpecs from 697ed8d9fceb562c3aa8030e referencing 697ed8d9fceb562c3aa8030e (matched=1, modified=1)
Removed creationSpecs from 697ed8d9fceb562c3aa8030f referencing 697ed8d9fceb562c3aa8030f (matched=1, modified=1)
Removed creationSpecs from 697ed8d9fceb562c3aa80310 referencing 697ed8d9fceb562c3aa80310 (matched=1, modified=1)
Removed creationSpecs from 697ed8d9fceb562c3aa80311 referencing 697ed8d9fceb562c3aa80311 (matched=1, modified=1)
Removed creationSpecs from 697ed8d9fceb562c3aa80312 referencing 697ed8d9fceb562c3aa80312 (matched=1, modified=1)
Removed creationSpecs from 697ed8d9fceb562c3aa80313 referencing 697ed8d9fceb562c3aa80313 (matched=1, modified=1)
Removed creationSpecs from 697ed8d9fceb562c3aa80314 referencing 697ed8d9fceb562c3aa80314 (matched=1, modified=1)
Removed creationSpecs from 697ed8d9fceb562c3aa80315 referencing 697ed8d9fceb562c3aa80315 (matched=1, modified=1)
Removed creationSpecs from 697ed8dafceb562c3aa80316 referencing 697ed8dafceb562c3aa80316 (matched=1, modified=1)
Removed creationSpecs from 697ed8dafceb562c3aa80317 referencing 697ed8dafceb562c3aa80317 (matched=1, modified=1)
Removed creationSpecs from 697ed8dafceb562c3aa80318 referencing 697ed8dafceb562c3aa80318 (matched=1, modified=1)
Removed creationSpecs from 697ed8dafceb562c3aa80319 referencing 697ed8dafceb562c3aa80319 (matched=1, modified=1)
Removed creationSpecs from 697ed8dafceb562c3aa8031a referencing 697ed8dafceb562c3aa8031a (matched=1, modified=1)
Removed creationSpecs from 697ed8dafceb562c3aa8031b referencing 697ed8dafceb562c3aa8031b (matched=1, modified=1)
Removed creationSpecs from 697ed8dafceb562c3aa8031c referencing 697ed8dafceb562c3aa8031c (matched=1, modified=1)
Removed creationSpecs from 697ed8dafceb562c3aa8031d referencing 697ed8dafceb562c3aa8031d (matched=1, modified=1)
Removed creationSpecs from 697ed8dafceb562c3aa8031e referencing 697ed8dafceb562c3aa8031e (matched=1, modified=1)
Removed creationSpecs from 697ed8dafceb562c3aa8031f referencing 697ed8dafceb562c3aa8031f (matched=1, modified=1)
Removed creationSpecs from 697ed8dafceb562c3aa80320 referencing 697ed8dafceb562c3aa80320 (matched=1, modified=1)
Removed creationSpecs from 697ed8dafceb562c3aa80321 referencing 697ed8dafceb562c3aa80321 (matched=1, modified=1)
Removed creationSpecs from 697ed8dafceb562c3aa80322 referencing 697ed8dafceb562c3aa80322 (matched=1, modified=1)
Removed creationSpecs from 697ed8dafceb562c3aa80323 referencing 697ed8dafceb562c3aa80323 (matched=1, modified=1)
Removed creationSpecs from 697ed8dafceb562c3aa80324 referencing 697ed8dafceb562c3aa80324 (matched=1, modified=1)
Removed creationSpecs from 697ed8dafceb562c3aa80325 referencing 697ed8dafceb562c3aa80325 (matched=1, modified=1)
Removed creationSpecs from 697ed8dafceb562c3aa80326 referencing 697ed8dafceb562c3aa80326 (matched=1, modified=1)
Removed creationSpecs from 697ed8dafceb562c3aa80327 referencing 697ed8dafceb562c3aa80327 (matched=1, modified=1)
Removed creationSpecs from 697ed8dafceb562c3aa80328 referencing 697ed8dafceb562c3aa80328 (matched=1, modified=1)
Removed creationSpecs from 697ed8dafceb562c3aa8032a referencing 697ed8dafceb562c3aa8032a (matched=1, modified=1)
Removed creationSpecs from 697ed8dafceb562c3aa8032b referencing 697ed8dafceb562c3aa8032b (matched=1, modified=1)
Removed creationSpecs from 697ed8e9fceb562c3aa80bfa referencing 697ed8e9fceb562c3aa80bfa (matched=1, modified=1)
Removed creationSpecs from 697ed8e9fceb562c3aa80bfc referencing 697ed8e9fceb562c3aa80bfc (matched=1, modified=1)
Removed creationSpecs from 697ed8e9fceb562c3aa80c02 referencing 697ed8e9fceb562c3aa80c02 (matched=1, modified=1)
Removed creationSpecs from 697ed8e9fceb562c3aa80c03 referencing 697ed8e9fceb562c3aa80c03 (matched=1, modified=1)
Removed creationSpecs from 697ed8ebfceb562c3aa80d67 referencing 697ed8ebfceb562c3aa80d5e (matched=1, modified=1)
Removed creationSpecs from 697ed8ebfceb562c3aa80d6b referencing 697ed8ebfceb562c3aa80d68 (matched=1, modified=1)
Removed creationSpecs from 697ed8ebfceb562c3aa80d6d referencing 697ed8ebfceb562c3aa80d6c (matched=1, modified=1)
Removed creationSpecs from 697ed8ebfceb562c3aa80d6f referencing 697ed8ebfceb562c3aa80d6e (matched=1, modified=1)
Removed creationSpecs from 697ed8f0fceb562c3aa80f4e referencing 697ed8f0fceb562c3aa80f4e (matched=1, modified=1)
Removed creationSpecs from 697ed8f0fceb562c3aa80f53 referencing 697ed8f0fceb562c3aa80f53 (matched=1, modified=1)
Removed creationSpecs from 697ed8f0fceb562c3aa80f56 referencing 697ed8f0fceb562c3aa80f56 (matched=1, modified=1)
Removed creationSpecs from 697ed8f0fceb562c3aa80f57 referencing 697ed8f0fceb562c3aa80f57 (matched=1, modified=1)
Removed creationSpecs from 697ed8f0fceb562c3aa80f5e referencing 697ed8f0fceb562c3aa80f5e (matched=1, modified=1)
Removed creationSpecs from 697ed8f0fceb562c3aa80f5f referencing 697ed8f0fceb562c3aa80f5f (matched=1, modified=1)
Removed creationSpecs from 697ed8f1fceb562c3aa80f60 referencing 697ed8f1fceb562c3aa80f60 (matched=1, modified=1)
Removed creationSpecs from 697ed8f1fceb562c3aa80f61 referencing 697ed8f1fceb562c3aa80f61 (matched=1, modified=1)
Removed creationSpecs from 697ed8f1fceb562c3aa80f62 referencing 697ed8f1fceb562c3aa80f62 (matched=1, modified=1)
Removed creationSpecs from 697ed8f1fceb562c3aa80f63 referencing 697ed8f1fceb562c3aa80f63 (matched=1, modified=1)
Removed creationSpecs from 697ed8f1fceb562c3aa80f64 referencing 697ed8f1fceb562c3aa80f64 (matched=1, modified=1)
Removed creationSpecs from 697ed8f1fceb562c3aa80f65 referencing 697ed8f1fceb562c3aa80f65 (matched=1, modified=1)
Removed creationSpecs from 697ed8f1fceb562c3aa80f66 referencing 697ed8f1fceb562c3aa80f66 (matched=1, modified=1)
Removed creationSpecs from 697ed8f1fceb562c3aa80f67 referencing 697ed8f1fceb562c3aa80f67 (matched=1, modified=1)
Removed creationSpecs from 697ed8f1fceb562c3aa80f68 referencing 697ed8f1fceb562c3aa80f68 (matched=1, modified=1)
Removed creationSpecs from 697ed8f1fceb562c3aa80f69 referencing 697ed8f1fceb562c3aa80f69 (matched=1, modified=1)
Removed creationSpecs from 697ed8f1fceb562c3aa80f6a referencing 697ed8f1fceb562c3aa80f6a (matched=1, modified=1)
Removed creationSpecs from 697ed8f1fceb562c3aa80f6b referencing 697ed8f1fceb562c3aa80f6b (matched=1, modified=1)
Removed creationSpecs from 697ed8f1fceb562c3aa80f86 referencing 697ed8f1fceb562c3aa80f86 (matched=1, modified=1)
Removed creationSpecs from 697ed8f1fceb562c3aa80f87 referencing 697ed8f1fceb562c3aa80f87 (matched=1, modified=1)
Removed creationSpecs from 697ed8f1fceb562c3aa80f8e referencing 697ed8f1fceb562c3aa80f8e (matched=1, modified=1)
Removed creationSpecs from 697ed8f1fceb562c3aa80f8f referencing 697ed8f1fceb562c3aa80f8f (matched=1, modified=1)
Removed creationSpecs from 697ed8f1fceb562c3aa80f90 referencing 697ed8f1fceb562c3aa80f90 (matched=1, modified=1)
Removed creationSpecs from 697ed8f1fceb562c3aa80f91 referencing 697ed8f1fceb562c3aa80f91 (matched=1, modified=1)
Removed creationSpecs from 697ed8f1fceb562c3aa80f92 referencing 697ed8f1fceb562c3aa80f92 (matched=1, modified=1)
Removed creationSpecs from 697ed8f1fceb562c3aa80f93 referencing 697ed8f1fceb562c3aa80f93 (matched=1, modified=1)
Removed creationSpecs from 697ed8f1fceb562c3aa80f94 referencing 697ed8f1fceb562c3aa80f94 (matched=1, modified=1)
Removed creationSpecs from 697ed8f1fceb562c3aa80f95 referencing 697ed8f1fceb562c3aa80f95 (matched=1, modified=1)
Removed creationSpecs from 697ed8f1fceb562c3aa80f96 referencing 697ed8f1fceb562c3aa80f96 (matched=1, modified=1)
Removed creationSpecs from 697ed8f1fceb562c3aa80f97 referencing 697ed8f1fceb562c3aa80f97 (matched=1, modified=1)
Removed creationSpecs from 697ed8f1fceb562c3aa80f98 referencing 697ed8f1fceb562c3aa80f98 (matched=1, modified=1)
Removed creationSpecs from 697ed8f1fceb562c3aa80f99 referencing 697ed8f1fceb562c3aa80f99 (matched=1, modified=1)
Removed creationSpecs from 697ed8f1fceb562c3aa80f9a referencing 697ed8f1fceb562c3aa80f9a (matched=1, modified=1)
Removed creationSpecs from 697ed8f1fceb562c3aa80f9b referencing 697ed8f1fceb562c3aa80f9b (matched=1, modified=1)
Removed creationSpecs from 697ed8fafceb562c3aa81384 referencing 697ed8fafceb562c3aa81384 (matched=1, modified=1)
Removed creationSpecs from 697ed8fbfceb562c3aa813cc referencing 697ed8fbfceb562c3aa813cc (matched=1, modified=1)
Removed creationSpecs from 697ed8fbfceb562c3aa813cd referencing 697ed8fbfceb562c3aa813cd (matched=1, modified=1)
Removed creationSpecs from 697ed8fdfceb562c3aa81573 referencing 697ed8fdfceb562c3aa81573 (matched=1, modified=1)
Removed creationSpecs from 697ed8fffceb562c3aa8170b referencing 697ed8fffceb562c3aa8170b (matched=1, modified=1)
Removed creationSpecs from 697ed8fffceb562c3aa8170d referencing 697ed8fffceb562c3aa8170d (matched=1, modified=1)
Removed creationSpecs from 697ed909fceb562c3aa81b69 referencing 697ed909fceb562c3aa81b67 (matched=1, modified=1)
Removed creationSpecs from 697ed90bfceb562c3aa81c17 referencing 697ed90bfceb562c3aa81c17 (matched=1, modified=1)
Removed creationSpecs from 697ed90bfceb562c3aa81c18 referencing 697ed90bfceb562c3aa81c18 (matched=1, modified=1)
Removed creationSpecs from 697ed90cfceb562c3aa81cd8 referencing 697ed90cfceb562c3aa81cd8 (matched=1, modified=1)
Removed creationSpecs from 697ed90ffceb562c3aa81e78 referencing 697ed90ffceb562c3aa81e78 (matched=1, modified=1)
Removed creationSpecs from 697ed90ffceb562c3aa81e7c referencing 697ed90ffceb562c3aa81e7c (matched=1, modified=1)
Removed creationSpecs from 697ed90ffceb562c3aa81e7d referencing 697ed90ffceb562c3aa81e7d (matched=1, modified=1)
Removed creationSpecs from 697ed90ffceb562c3aa81e7e referencing 697ed90ffceb562c3aa81e7e (matched=1, modified=1)
Removed creationSpecs from 697ed90ffceb562c3aa81e7f referencing 697ed90ffceb562c3aa81e7f (matched=1, modified=1)
Removed creationSpecs from 697ed90ffceb562c3aa81e80 referencing 697ed90ffceb562c3aa81e80 (matched=1, modified=1)
Removed creationSpecs from 697ed90ffceb562c3aa81e81 referencing 697ed90ffceb562c3aa81e81 (matched=1, modified=1)
Removed creationSpecs from 697ed90ffceb562c3aa81e82 referencing 697ed90ffceb562c3aa81e82 (matched=1, modified=1)
Removed creationSpecs from 697ed90ffceb562c3aa81e83 referencing 697ed90ffceb562c3aa81e83 (matched=1, modified=1)
Removed creationSpecs from 697ed90ffceb562c3aa81e84 referencing 697ed90ffceb562c3aa81e84 (matched=1, modified=1)
Removed creationSpecs from 697ed90ffceb562c3aa81e85 referencing 697ed90ffceb562c3aa81e85 (matched=1, modified=1)
Removed creationSpecs from 697ed90ffceb562c3aa81e86 referencing 697ed90ffceb562c3aa81e86 (matched=1, modified=1)
Removed creationSpecs from 697ed90ffceb562c3aa81e87 referencing 697ed90ffceb562c3aa81e87 (matched=1, modified=1)
Removed creationSpecs from 697ed90ffceb562c3aa81e88 referencing 697ed90ffceb562c3aa81e88 (matched=1, modified=1)
Removed creationSpecs from 697ed90ffceb562c3aa81e89 referencing 697ed90ffceb562c3aa81e89 (matched=1, modified=1)
Removed creationSpecs from 697ed90ffceb562c3aa81e8a referencing 697ed90ffceb562c3aa81e8a (matched=1, modified=1)
Removed creationSpecs from 697ed90ffceb562c3aa81e8b referencing 697ed90ffceb562c3aa81e8b (matched=1, modified=1)
Removed creationSpecs from 697ed90ffceb562c3aa81e8c referencing 697ed90ffceb562c3aa81e8c (matched=1, modified=1)
Removed creationSpecs from 697ed90ffceb562c3aa81e8d referencing 697ed90ffceb562c3aa81e8d (matched=1, modified=1)
Removed creationSpecs from 697ed90ffceb562c3aa81e8e referencing 697ed90ffceb562c3aa81e8e (matched=1, modified=1)
Removed creationSpecs from 697ed90ffceb562c3aa81e8f referencing 697ed90ffceb562c3aa81e8f (matched=1, modified=1)
Removed creationSpecs from 697ed90ffceb562c3aa81e90 referencing 697ed90ffceb562c3aa81e90 (matched=1, modified=1)
Removed creationSpecs from 697ed90ffceb562c3aa81e91 referencing 697ed90ffceb562c3aa81e91 (matched=1, modified=1)
Removed creationSpecs from 697ed90ffceb562c3aa81e92 referencing 697ed90ffceb562c3aa81e92 (matched=1, modified=1)
Removed creationSpecs from 697ed90ffceb562c3aa81e93 referencing 697ed90ffceb562c3aa81e93 (matched=1, modified=1)
Removed creationSpecs from 697ed90ffceb562c3aa81e94 referencing 697ed90ffceb562c3aa81e94 (matched=1, modified=1)
Removed creationSpecs from 697ed90ffceb562c3aa81e95 referencing 697ed90ffceb562c3aa81e95 (matched=1, modified=1)
Removed creationSpecs from 697ed90ffceb562c3aa81e98 referencing 697ed90ffceb562c3aa81e98 (matched=1, modified=1)
Removed creationSpecs from 697ed90ffceb562c3aa81e99 referencing 697ed90ffceb562c3aa81e99 (matched=1, modified=1)
Removed creationSpecs from 697ed90ffceb562c3aa81e9a referencing 697ed90ffceb562c3aa81e9a (matched=1, modified=1)
Removed creationSpecs from 697ed90ffceb562c3aa81e9b referencing 697ed90ffceb562c3aa81e9b (matched=1, modified=1)
Removed creationSpecs from 697ed90ffceb562c3aa81e9c referencing 697ed90ffceb562c3aa81e9c (matched=1, modified=1)
Removed creationSpecs from 697ed912fceb562c3aa81ff3 referencing 697ed912fceb562c3aa81fe9 (matched=1, modified=1)
Removed creationSpecs from 697ed912fceb562c3aa81ff3 referencing 697ed912fceb562c3aa81fe8 (matched=1, modified=0)
Removed creationSpecs from 697ed912fceb562c3aa81fe9 referencing 697ed912fceb562c3aa81fe8 (matched=1, modified=1)
Removed creationSpecs from 697ed914fceb562c3aa8215e referencing 697ed914fceb562c3aa8215e (matched=1, modified=1)
Removed creationSpecs from 697ed914fceb562c3aa8215f referencing 697ed914fceb562c3aa8215f (matched=1, modified=1)
Removed creationSpecs from 697ed914fceb562c3aa82160 referencing 697ed914fceb562c3aa82160 (matched=1, modified=1)
Removed creationSpecs from 697ed914fceb562c3aa82161 referencing 697ed914fceb562c3aa82161 (matched=1, modified=1)
Removed creationSpecs from 697ed914fceb562c3aa82162 referencing 697ed914fceb562c3aa82162 (matched=1, modified=1)
Removed creationSpecs from 697ed914fceb562c3aa82163 referencing 697ed914fceb562c3aa82163 (matched=1, modified=1)
Removed creationSpecs from 697ed917fceb562c3aa82308 referencing 697ed917fceb562c3aa82303 (matched=1, modified=1)
Removed creationSpecs from 697ed917fceb562c3aa82308 referencing 697ed917fceb562c3aa822fe (matched=1, modified=1)
Removed creationSpecs from 697ed917fceb562c3aa82307 referencing 697ed917fceb562c3aa82303 (matched=1, modified=1)
Removed creationSpecs from 697ed917fceb562c3aa82307 referencing 697ed917fceb562c3aa82308 (matched=1, modified=1)
Removed creationSpecs from 697ed917fceb562c3aa82307 referencing 697ed917fceb562c3aa822fe (matched=1, modified=1)
Removed creationSpecs from 697ed917fceb562c3aa8230b referencing 697ed917fceb562c3aa82303 (matched=1, modified=1)
Removed creationSpecs from 697ed917fceb562c3aa8230b referencing 697ed917fceb562c3aa82308 (matched=1, modified=1)
Removed creationSpecs from 697ed917fceb562c3aa8230b referencing 697ed917fceb562c3aa82307 (matched=1, modified=1)
Removed creationSpecs from 697ed917fceb562c3aa8230b referencing 697ed917fceb562c3aa822fe (matched=1, modified=1)
Removed creationSpecs from 697ed917fceb562c3aa8230f referencing 697ed917fceb562c3aa82303 (matched=1, modified=1)
Removed creationSpecs from 697ed917fceb562c3aa8230f referencing 697ed917fceb562c3aa82308 (matched=1, modified=1)
Removed creationSpecs from 697ed917fceb562c3aa8230f referencing 697ed917fceb562c3aa82307 (matched=1, modified=1)
Removed creationSpecs from 697ed917fceb562c3aa8230f referencing 697ed917fceb562c3aa8230b (matched=1, modified=1)
Removed creationSpecs from 697ed917fceb562c3aa8230f referencing 697ed917fceb562c3aa822fe (matched=1, modified=1)
Removed creationSpecs from 697ed917fceb562c3aa8230d referencing 697ed917fceb562c3aa82303 (matched=1, modified=1)
Removed creationSpecs from 697ed917fceb562c3aa8230d referencing 697ed917fceb562c3aa82308 (matched=1, modified=1)
Removed creationSpecs from 697ed917fceb562c3aa8230d referencing 697ed917fceb562c3aa82307 (matched=1, modified=1)
Removed creationSpecs from 697ed917fceb562c3aa8230d referencing 697ed917fceb562c3aa8230b (matched=1, modified=1)
Removed creationSpecs from 697ed917fceb562c3aa8230d referencing 697ed917fceb562c3aa822fe (matched=1, modified=1)
Removed creationSpecs from 697ed917fceb562c3aa8230d referencing 697ed917fceb562c3aa8230f (matched=1, modified=1)
Removed creationSpecs from 697ed917fceb562c3aa822ff referencing 697ed917fceb562c3aa82303 (matched=1, modified=1)
Removed creationSpecs from 697ed917fceb562c3aa822ff referencing 697ed917fceb562c3aa82308 (matched=1, modified=1)
Removed creationSpecs from 697ed917fceb562c3aa822ff referencing 697ed917fceb562c3aa82307 (matched=1, modified=1)
Removed creationSpecs from 697ed917fceb562c3aa822ff referencing 697ed917fceb562c3aa8230b (matched=1, modified=1)
Removed creationSpecs from 697ed917fceb562c3aa822ff referencing 697ed917fceb562c3aa822fe (matched=1, modified=1)
Removed creationSpecs from 697ed917fceb562c3aa822ff referencing 697ed917fceb562c3aa8230f (matched=1, modified=1)
Removed creationSpecs from 697ed917fceb562c3aa822ff referencing 697ed917fceb562c3aa8230d (matched=1, modified=1)
Removed creationSpecs from 697ed917fceb562c3aa82303 referencing 697ed917fceb562c3aa822fe (matched=1, modified=1)
Removed creationSpecs from 697ed91bfceb562c3aa825b3 referencing 697ed91bfceb562c3aa825b1 (matched=1, modified=1)
Removed creationSpecs from 697ed91ffceb562c3aa828b7 referencing 697ed91ffceb562c3aa828b7 (matched=1, modified=1)
Removed creationSpecs from 697ed91ffceb562c3aa828c1 referencing 697ed91ffceb562c3aa828c1 (matched=1, modified=1)
Removed creationSpecs from 697ed91ffceb562c3aa828c1 referencing 697ed91ffceb562c3aa828b7 (matched=1, modified=1)
Removed creationSpecs from 697ed91ffceb562c3aa828c5 referencing 697ed91ffceb562c3aa828c5 (matched=1, modified=1)
Removed creationSpecs from 697ed91ffceb562c3aa828c5 referencing 697ed91ffceb562c3aa828c1 (matched=1, modified=1)
Removed creationSpecs from 697ed91ffceb562c3aa828c5 referencing 697ed91ffceb562c3aa828b7 (matched=1, modified=1)
Removed creationSpecs from 697ed91ffceb562c3aa828c7 referencing 697ed91ffceb562c3aa828c7 (matched=1, modified=1)
Removed creationSpecs from 697ed91ffceb562c3aa828c7 referencing 697ed91ffceb562c3aa828c1 (matched=1, modified=1)
Removed creationSpecs from 697ed91ffceb562c3aa828c7 referencing 697ed91ffceb562c3aa828c5 (matched=1, modified=1)
Removed creationSpecs from 697ed91ffceb562c3aa828c7 referencing 697ed91ffceb562c3aa828b7 (matched=1, modified=1)
Removed creationSpecs from 697ed91ffceb562c3aa828bf referencing 697ed91ffceb562c3aa828bf (matched=1, modified=1)
Removed creationSpecs from 697ed91ffceb562c3aa828bf referencing 697ed91ffceb562c3aa828c1 (matched=1, modified=1)
Removed creationSpecs from 697ed91ffceb562c3aa828bf referencing 697ed91ffceb562c3aa828c5 (matched=1, modified=1)
Removed creationSpecs from 697ed91ffceb562c3aa828bf referencing 697ed91ffceb562c3aa828c7 (matched=1, modified=1)
Removed creationSpecs from 697ed91ffceb562c3aa828bf referencing 697ed91ffceb562c3aa828b7 (matched=1, modified=1)
Removed creationSpecs from 697ed91ffceb562c3aa828c9 referencing 697ed91ffceb562c3aa828c9 (matched=1, modified=1)
Removed creationSpecs from 697ed91ffceb562c3aa828c9 referencing 697ed91ffceb562c3aa828c1 (matched=1, modified=1)
Removed creationSpecs from 697ed91ffceb562c3aa828c9 referencing 697ed91ffceb562c3aa828c5 (matched=1, modified=1)
Removed creationSpecs from 697ed91ffceb562c3aa828c9 referencing 697ed91ffceb562c3aa828c7 (matched=1, modified=1)
Removed creationSpecs from 697ed91ffceb562c3aa828c9 referencing 697ed91ffceb562c3aa828bf (matched=1, modified=1)
Removed creationSpecs from 697ed91ffceb562c3aa828c9 referencing 697ed91ffceb562c3aa828b7 (matched=1, modified=1)
Removed creationSpecs from 697ed91ffceb562c3aa828c3 referencing 697ed91ffceb562c3aa828c3 (matched=1, modified=1)
Removed creationSpecs from 697ed91ffceb562c3aa828c3 referencing 697ed91ffceb562c3aa828c1 (matched=1, modified=1)
Removed creationSpecs from 697ed91ffceb562c3aa828c3 referencing 697ed91ffceb562c3aa828c5 (matched=1, modified=1)
Removed creationSpecs from 697ed91ffceb562c3aa828c3 referencing 697ed91ffceb562c3aa828c7 (matched=1, modified=1)
Removed creationSpecs from 697ed91ffceb562c3aa828c3 referencing 697ed91ffceb562c3aa828bf (matched=1, modified=1)
Removed creationSpecs from 697ed91ffceb562c3aa828c3 referencing 697ed91ffceb562c3aa828b7 (matched=1, modified=1)
Removed creationSpecs from 697ed91ffceb562c3aa828c3 referencing 697ed91ffceb562c3aa828c9 (matched=1, modified=1)
Removed creationSpecs from 697ed91ffceb562c3aa828b8 referencing 697ed91ffceb562c3aa828b8 (matched=1, modified=1)
Removed creationSpecs from 697ed91ffceb562c3aa828c0 referencing 697ed91ffceb562c3aa828c0 (matched=1, modified=1)
Removed creationSpecs from 697ed91ffceb562c3aa828c2 referencing 697ed91ffceb562c3aa828c2 (matched=1, modified=1)
Removed creationSpecs from 697ed91ffceb562c3aa828c4 referencing 697ed91ffceb562c3aa828c4 (matched=1, modified=1)
Removed creationSpecs from 697ed91ffceb562c3aa828c6 referencing 697ed91ffceb562c3aa828c6 (matched=1, modified=1)
Removed creationSpecs from 697ed91ffceb562c3aa828c8 referencing 697ed91ffceb562c3aa828c8 (matched=1, modified=1)
Removed creationSpecs from 697ed91ffceb562c3aa828ca referencing 697ed91ffceb562c3aa828ca (matched=1, modified=1)
Removed creationSpecs from 697ed91ffceb562c3aa828cb referencing 697ed91ffceb562c3aa828cb (matched=1, modified=1)
Removed creationSpecs from 697ed91ffceb562c3aa828d7 referencing 697ed91ffceb562c3aa828d7 (matched=1, modified=1)
Removed creationSpecs from 697ed91ffceb562c3aa828d7 referencing 697ed91ffceb562c3aa828cb (matched=1, modified=1)
Removed creationSpecs from 697ed91ffceb562c3aa828d3 referencing 697ed91ffceb562c3aa828d3 (matched=1, modified=1)
Removed creationSpecs from 697ed91ffceb562c3aa828d3 referencing 697ed91ffceb562c3aa828d7 (matched=1, modified=1)
Removed creationSpecs from 697ed91ffceb562c3aa828d3 referencing 697ed91ffceb562c3aa828cb (matched=1, modified=1)
Removed creationSpecs from 697ed91ffceb562c3aa828d5 referencing 697ed91ffceb562c3aa828d5 (matched=1, modified=1)
Removed creationSpecs from 697ed91ffceb562c3aa828d5 referencing 697ed91ffceb562c3aa828d7 (matched=1, modified=1)
Removed creationSpecs from 697ed91ffceb562c3aa828d5 referencing 697ed91ffceb562c3aa828d3 (matched=1, modified=1)
Removed creationSpecs from 697ed91ffceb562c3aa828d5 referencing 697ed91ffceb562c3aa828cb (matched=1, modified=1)
Removed creationSpecs from 697ed91ffceb562c3aa828cf referencing 697ed91ffceb562c3aa828cf (matched=1, modified=1)
Removed creationSpecs from 697ed91ffceb562c3aa828cf referencing 697ed91ffceb562c3aa828d7 (matched=1, modified=1)
Removed creationSpecs from 697ed91ffceb562c3aa828cf referencing 697ed91ffceb562c3aa828d3 (matched=1, modified=1)
Removed creationSpecs from 697ed91ffceb562c3aa828cf referencing 697ed91ffceb562c3aa828d5 (matched=1, modified=1)
Removed creationSpecs from 697ed91ffceb562c3aa828cf referencing 697ed91ffceb562c3aa828cb (matched=1, modified=1)
Removed creationSpecs from 697ed91ffceb562c3aa828cd referencing 697ed91ffceb562c3aa828cd (matched=1, modified=1)
Removed creationSpecs from 697ed91ffceb562c3aa828cd referencing 697ed91ffceb562c3aa828d7 (matched=1, modified=1)
Removed creationSpecs from 697ed91ffceb562c3aa828cd referencing 697ed91ffceb562c3aa828d3 (matched=1, modified=1)
Removed creationSpecs from 697ed91ffceb562c3aa828cd referencing 697ed91ffceb562c3aa828d5 (matched=1, modified=1)
Removed creationSpecs from 697ed91ffceb562c3aa828cd referencing 697ed91ffceb562c3aa828cf (matched=1, modified=1)
Removed creationSpecs from 697ed91ffceb562c3aa828cd referencing 697ed91ffceb562c3aa828cb (matched=1, modified=1)
Removed creationSpecs from 697ed91ffceb562c3aa828d1 referencing 697ed91ffceb562c3aa828d1 (matched=1, modified=1)
Removed creationSpecs from 697ed91ffceb562c3aa828d1 referencing 697ed91ffceb562c3aa828d7 (matched=1, modified=1)
Removed creationSpecs from 697ed91ffceb562c3aa828d1 referencing 697ed91ffceb562c3aa828d3 (matched=1, modified=1)
Removed creationSpecs from 697ed91ffceb562c3aa828d1 referencing 697ed91ffceb562c3aa828d5 (matched=1, modified=1)
Removed creationSpecs from 697ed91ffceb562c3aa828d1 referencing 697ed91ffceb562c3aa828cf (matched=1, modified=1)
Removed creationSpecs from 697ed91ffceb562c3aa828d1 referencing 697ed91ffceb562c3aa828cb (matched=1, modified=1)
Removed creationSpecs from 697ed91ffceb562c3aa828d1 referencing 697ed91ffceb562c3aa828cd (matched=1, modified=1)
Removed creationSpecs from 697ed91ffceb562c3aa828cc referencing 697ed91ffceb562c3aa828cc (matched=1, modified=1)
Removed creationSpecs from 697ed91ffceb562c3aa828ce referencing 697ed91ffceb562c3aa828ce (matched=1, modified=1)
Removed creationSpecs from 697ed91ffceb562c3aa828d0 referencing 697ed91ffceb562c3aa828d0 (matched=1, modified=1)
Removed creationSpecs from 697ed91ffceb562c3aa828d2 referencing 697ed91ffceb562c3aa828d2 (matched=1, modified=1)
Removed creationSpecs from 697ed91ffceb562c3aa828d4 referencing 697ed91ffceb562c3aa828d4 (matched=1, modified=1)
Removed creationSpecs from 697ed91ffceb562c3aa828d6 referencing 697ed91ffceb562c3aa828d6 (matched=1, modified=1)
Removed creationSpecs from 697ed91ffceb562c3aa828d8 referencing 697ed91ffceb562c3aa828d8 (matched=1, modified=1)
Removed creationSpecs from 697ed924fceb562c3aa82bfd referencing 697ed924fceb562c3aa82bfd (matched=1, modified=1)
Removed creationSpecs from 697ed924fceb562c3aa82bfe referencing 697ed924fceb562c3aa82bfe (matched=1, modified=1)
Removed creationSpecs from 697ed92ffceb562c3aa83313 referencing 697ed92ffceb562c3aa83313 (matched=1, modified=1)
Removed creationSpecs from 697ed92ffceb562c3aa83314 referencing 697ed92ffceb562c3aa83314 (matched=1, modified=1)
