Apple seedling (w)
Axe
Banana seedling (w)
Battered book
Beaten book
Black dye
Bludgeon axon
Bludgeon claw
Bludgeon spine
Book of balance
Bottom of sceptre
Bucket of saltwater
Bucket of sandworms
Buttons
Calquat seedling (w)
Cave nightshade
Celastrus seedling (w)
Costume needle
Curry seedling (w)
Dark essence block
Desiccated page
Dragonfruit seedling (w)
Dynamite pot
Elemental metal
Empty fish food box
Empty light orb
Guthixian icon
Half made batta (toad)
Half made batta (worm)
Half made bowl (tangled toad's legs)
Herb tea mix (2 guams and harralander)
Herb tea mix (2 guams and marrentill)
Herb tea mix (harralander, marrentill and guam)
Holy book
Hydra's eye
Hydra's fang
Hydra's heart
Incomplete stew#Meat
Incomplete stew#Potato
Jar generator
Karamjan rum
Karamjan rum (sliced banana)
Left skull half
Magic seedling (w)
Mahogany seedling (w)
Maple seedling (w)
Mixed blast
Mixed blizzard
Mixed dragon (garnished)
Mixed punch
Mixed saturday (heated)
Mixed sgg
Mixed special
Nightshade
Oak seedling (w)
Orange seedling (w)
Overseer's book
Palm leaf
Palm seedling (w)
Papaya seedling (w)
Part admiral pie (tuna)
Part fish pie (cod)
Part garden pie (onion)
Part mud pie (water)
Part summer pie (watermelon)
Part wild pie (raw chompy)
Pat of not garlic butter
Pet rock
Pineapple seedling (w)
Pink dye
Primed mind bar
Rake handle
Rake head
Raw giant krill
Raw haddock
Raw swordtip squid
Red herring
Red hot sauce
Redwood seedling (w)
Right skull half
Runed sceptre
Sacred eel
Sawmill coupon (oak plank)
Sawmill coupon (wood plank)
Sawmill voucher
Scaly blue dragonhide
Sieve
Skewered bird meat
Skull sceptre
Slashed book
Smithing catalyst
Snake hide (swamp)
Strange skull
String Jewellery
Sweetcorn (bowl)
Teak seedling (w)
Tenti pineapple
Top of sceptre
Unfinished batta (cheese+tom)
Unfinished batta (fruit)
Unfinished batta (vegetable)
Unfinished bowl (chocolate bomb)
Unfinished bowl (veg ball)
Unfinished bowl (worm hole)
Unfinished crunchy (chocchip)
Unfinished crunchy (spicy)
Unfinished crunchy (toad)
Unfinished crunchy (worm)
Unfired cup
Unholy book
Unholy mould
Weapon poison+ (unf)
Willow seedling (w)
Xeric's talisman (inert)
Yew seedling (w)
Zamorak's unfermented wine
Zombie monkey greegree (small)
